[2019-11-03 20:23:33,650] TRACE [Controller id=0 epoch=23] Sending UpdateMetadata request PartitionState(controllerEpoch=19, leader=0, leaderEpoch=0, isr=[0], zkVersion=0, replicas=[0], offlineReplicas=[]) to brokers Set(0) for partition postBuyerLogin-0 (state.change.logger)
[2019-11-03 20:23:33,650] TRACE [Controller id=0 epoch=23] Sending UpdateMetadata request PartitionState(controllerEpoch=20, leader=0, leaderEpoch=0, isr=[0], zkVersion=0, replicas=[0], offlineReplicas=[]) to brokers Set(0) for partition postBuyerSignup-0 (state.change.logger)
[2019-11-03 20:23:33,650] TRACE [Controller id=0 epoch=23] Sending UpdateMetadata request PartitionState(controllerEpoch=21, leader=0, leaderEpoch=0, isr=[0], zkVersion=0, replicas=[0], offlineReplicas=[]) to brokers Set(0) for partition postOwnerSignup-0 (state.change.logger)
[2019-11-03 20:23:33,650] TRACE [Controller id=0 epoch=23] Sending UpdateMetadata request PartitionState(controllerEpoch=4, leader=0, leaderEpoch=0, isr=[0], zkVersion=0, replicas=[0], offlineReplicas=[]) to brokers Set(0) for partition getReceivedMessage-0 (state.change.logger)
[2019-11-03 20:23:33,650] TRACE [Controller id=0 epoch=23] Sending UpdateMetadata request PartitionState(controllerEpoch=6, leader=0, leaderEpoch=0, isr=[0], zkVersion=0, replicas=[0], offlineReplicas=[]) to brokers Set(0) for partition deleteOneItem-0 (state.change.logger)
[2019-11-03 20:23:33,650] TRACE [Controller id=0 epoch=23] Sending UpdateMetadata request PartitionState(controllerEpoch=6, leader=0, leaderEpoch=0, isr=[0], zkVersion=0, replicas=[0], offlineReplicas=[]) to brokers Set(0) for partition getItem-0 (state.change.logger)
[2019-11-03 20:23:33,650] TRACE [Controller id=0 epoch=23] Sending UpdateMetadata request PartitionState(controllerEpoch=1, leader=0, leaderEpoch=0, isr=[0], zkVersion=0, replicas=[0], offlineReplicas=[]) to brokers Set(0) for partition responseTopics-0 (state.change.logger)
[2019-11-03 20:23:33,650] TRACE [Controller id=0 epoch=23] Sending UpdateMetadata request PartitionState(controllerEpoch=1, leader=0, leaderEpoch=0, isr=[0], zkVersion=0, replicas=[0], offlineReplicas=[]) to brokers Set(0) for partition getCancelledOrderOwner-0 (state.change.logger)
[2019-11-03 20:23:33,650] TRACE [Controller id=0 epoch=23] Sending UpdateMetadata request PartitionState(controllerEpoch=16, leader=0, leaderEpoch=0, isr=[0], zkVersion=0, replicas=[0], offlineReplicas=[]) to brokers Set(0) for partition putUpdateBuyer-0 (state.change.logger)
[2019-11-03 20:23:33,651] TRACE [Controller id=0 epoch=23] Sending UpdateMetadata request PartitionState(controllerEpoch=1, leader=0, leaderEpoch=0, isr=[0], zkVersion=0, replicas=[0], offlineReplicas=[]) to brokers Set(0) for partition postChangeOrderStatus-0 (state.change.logger)
[2019-11-03 20:23:33,651] TRACE [Controller id=0 epoch=23] Sending UpdateMetadata request PartitionState(controllerEpoch=1, leader=0, leaderEpoch=0, isr=[0], zkVersion=0, replicas=[0], offlineReplicas=[]) to brokers Set(0) for partition getPreparingOrderOwner-0 (state.change.logger)
[2019-11-03 20:23:33,651] TRACE [Controller id=0 epoch=23] Sending UpdateMetadata request PartitionState(controllerEpoch=16, leader=0, leaderEpoch=0, isr=[0], zkVersion=0, replicas=[0], offlineReplicas=[]) to brokers Set(0) for partition getDetailsBasicBuyer-0 (state.change.logger)
[2019-11-03 20:23:33,651] TRACE [Controller id=0 epoch=23] Sending UpdateMetadata request PartitionState(controllerEpoch=12, leader=0, leaderEpoch=0, isr=[0], zkVersion=0, replicas=[0], offlineReplicas=[]) to brokers Set(0) for partition putUpdateRestaurant-0 (state.change.logger)
[2019-11-03 20:23:33,651] TRACE [Controller id=0 epoch=23] Sending UpdateMetadata request PartitionState(controllerEpoch=1, leader=0, leaderEpoch=0, isr=[0], zkVersion=0, replicas=[0], offlineReplicas=[]) to brokers Set(0) for partition postCancelOrder-0 (state.change.logger)
[2019-11-03 20:23:33,651] TRACE [Controller id=0 epoch=23] Sending UpdateMetadata request PartitionState(controllerEpoch=1, leader=0, leaderEpoch=0, isr=[0], zkVersion=0, replicas=[0], offlineReplicas=[]) to brokers Set(0) for partition postPlaceOrder-0 (state.change.logger)
[2019-11-03 20:23:33,651] TRACE [Controller id=0 epoch=23] Sending UpdateMetadata request PartitionState(controllerEpoch=1, leader=0, leaderEpoch=0, isr=[0], zkVersion=0, replicas=[0], offlineReplicas=[]) to brokers Set(0) for partition responseTopic-0 (state.change.logger)
[2019-11-03 20:23:33,651] TRACE [Controller id=0 epoch=23] Sending UpdateMetadata request PartitionState(controllerEpoch=1, leader=0, leaderEpoch=0, isr=[0], zkVersion=0, replicas=[0], offlineReplicas=[]) to brokers Set(0) for partition getUpcomingOrderUser-0 (state.change.logger)
[2019-11-03 20:23:33,651] TRACE [Controller id=0 epoch=23] Sending UpdateMetadata request PartitionState(controllerEpoch=6, leader=0, leaderEpoch=0, isr=[0], zkVersion=0, replicas=[0], offlineReplicas=[]) to brokers Set(0) for partition uploadItemImage-0 (state.change.logger)
[2019-11-03 20:23:33,651] TRACE [Controller id=0 epoch=23] Sending UpdateMetadata request PartitionState(controllerEpoch=20, leader=0, leaderEpoch=0, isr=[0], zkVersion=0, replicas=[0], offlineReplicas=[]) to brokers Set(0) for partition postRestaurantLogin-0 (state.change.logger)
[2019-11-03 20:23:33,651] TRACE [Controller id=0 epoch=23] Sending UpdateMetadata request PartitionState(controllerEpoch=6, leader=0, leaderEpoch=0, isr=[0], zkVersion=0, replicas=[0], offlineReplicas=[]) to brokers Set(0) for partition postUploadItemImage-0 (state.change.logger)
[2019-11-03 20:23:33,651] TRACE [Controller id=0 epoch=23] Sending UpdateMetadata request PartitionState(controllerEpoch=12, leader=0, leaderEpoch=0, isr=[0], zkVersion=0, replicas=[0], offlineReplicas=[]) to brokers Set(0) for partition getRestaurantSearched-0 (state.change.logger)
[2019-11-03 20:23:33,651] TRACE [Controller id=0 epoch=23] Sending UpdateMetadata request PartitionState(controllerEpoch=6, leader=0, leaderEpoch=0, isr=[0], zkVersion=0, replicas=[0], offlineReplicas=[]) to brokers Set(0) for partition putSection-0 (state.change.logger)
[2019-11-03 20:23:33,651] TRACE [Controller id=0 epoch=23] Sending UpdateMetadata request PartitionState(controllerEpoch=6, leader=0, leaderEpoch=0, isr=[0], zkVersion=0, replicas=[0], offlineReplicas=[]) to brokers Set(0) for partition putUpdateItem-0 (state.change.logger)
[2019-11-03 20:23:33,651] TRACE [Controller id=0 epoch=23] Sending UpdateMetadata request PartitionState(controllerEpoch=12, leader=0, leaderEpoch=0, isr=[0], zkVersion=0, replicas=[0], offlineReplicas=[]) to brokers Set(0) for partition getDetailsBasicRestaurant-0 (state.change.logger)
[2019-11-03 20:23:33,651] TRACE [Controller id=0 epoch=23] Sending UpdateMetadata request PartitionState(controllerEpoch=1, leader=0, leaderEpoch=0, isr=[0], zkVersion=0, replicas=[0], offlineReplicas=[]) to brokers Set(0) for partition getPastOrderUser-0 (state.change.logger)
[2019-11-03 20:23:33,651] TRACE [Controller id=0 epoch=23] Sending UpdateMetadata request PartitionState(controllerEpoch=12, leader=0, leaderEpoch=0, isr=[0], zkVersion=0, replicas=[0], offlineReplicas=[]) to brokers Set(0) for partition postRestaurantImage-0 (state.change.logger)
[2019-11-03 20:23:33,651] TRACE [Controller id=0 epoch=23] Sending UpdateMetadata request PartitionState(controllerEpoch=6, leader=0, leaderEpoch=0, isr=[0], zkVersion=0, replicas=[0], offlineReplicas=[]) to brokers Set(0) for partition postSection-0 (state.change.logger)
[2019-11-03 20:23:33,651] TRACE [Controller id=0 epoch=23] Sending UpdateMetadata request PartitionState(controllerEpoch=6, leader=0, leaderEpoch=0, isr=[0], zkVersion=0, replicas=[0], offlineReplicas=[]) to brokers Set(0) for partition deleteSection-0 (state.change.logger)
[2019-11-03 20:23:33,651] TRACE [Controller id=0 epoch=23] Sending UpdateMetadata request PartitionState(controllerEpoch=6, leader=0, leaderEpoch=0, isr=[0], zkVersion=0, replicas=[0], offlineReplicas=[]) to brokers Set(0) for partition getSection-0 (state.change.logger)
[2019-11-03 20:23:33,651] TRACE [Controller id=0 epoch=23] Sending UpdateMetadata request PartitionState(controllerEpoch=1, leader=0, leaderEpoch=0, isr=[0], zkVersion=0, replicas=[0], offlineReplicas=[]) to brokers Set(0) for partition getReadyOrderOwner-0 (state.change.logger)
[2019-11-03 20:23:33,651] TRACE [Controller id=0 epoch=23] Sending UpdateMetadata request PartitionState(controllerEpoch=16, leader=0, leaderEpoch=0, isr=[0], zkVersion=0, replicas=[0], offlineReplicas=[]) to brokers Set(0) for partition getDetailsBuyer-0 (state.change.logger)
[2019-11-03 20:23:33,651] TRACE [Controller id=0 epoch=23] Sending UpdateMetadata request PartitionState(controllerEpoch=4, leader=0, leaderEpoch=0, isr=[0], zkVersion=0, replicas=[0], offlineReplicas=[]) to brokers Set(0) for partition getSentMessage-0 (state.change.logger)
[2019-11-03 20:23:33,651] TRACE [Controller id=0 epoch=23] Sending UpdateMetadata request PartitionState(controllerEpoch=1, leader=0, leaderEpoch=0, isr=[0], zkVersion=0, replicas=[0], offlineReplicas=[]) to brokers Set(0) for partition getNewOrderOwner-0 (state.change.logger)
[2019-11-03 20:23:33,651] TRACE [Controller id=0 epoch=23] Sending UpdateMetadata request PartitionState(controllerEpoch=1, leader=0, leaderEpoch=0, isr=[0], zkVersion=0, replicas=[0], offlineReplicas=[]) to brokers Set(0) for partition getConfirmedOrderOwner-0 (state.change.logger)
[2019-11-03 20:23:33,651] TRACE [Controller id=0 epoch=23] Sending UpdateMetadata request PartitionState(controllerEpoch=6, leader=0, leaderEpoch=0, isr=[0], zkVersion=0, replicas=[0], offlineReplicas=[]) to brokers Set(0) for partition deleteItemMany-0 (state.change.logger)
[2019-11-03 20:23:33,651] TRACE [Controller id=0 epoch=23] Sending UpdateMetadata request PartitionState(controllerEpoch=12, leader=0, leaderEpoch=0, isr=[0], zkVersion=0, replicas=[0], offlineReplicas=[]) to brokers Set(0) for partition getDetailsRestaurant-0 (state.change.logger)
[2019-11-03 20:23:33,651] TRACE [Controller id=0 epoch=23] Sending UpdateMetadata request PartitionState(controllerEpoch=1, leader=0, leaderEpoch=0, isr=[0], zkVersion=0, replicas=[0], offlineReplicas=[]) to brokers Set(0) for partition getPastOrderOwner-0 (state.change.logger)
[2019-11-03 20:23:33,651] TRACE [Controller id=0 epoch=23] Sending UpdateMetadata request PartitionState(controllerEpoch=12, leader=0, leaderEpoch=0, isr=[0], zkVersion=0, replicas=[0], offlineReplicas=[]) to brokers Set(0) for partition postOwnerImage-0 (state.change.logger)
[2019-11-03 20:23:33,651] TRACE [Controller id=0 epoch=23] Sending UpdateMetadata request PartitionState(controllerEpoch=6, leader=0, leaderEpoch=0, isr=[0], zkVersion=0, replicas=[0], offlineReplicas=[]) to brokers Set(0) for partition postItem-0 (state.change.logger)
[2019-11-03 20:23:33,651] TRACE [Controller id=0 epoch=23] Sending UpdateMetadata request PartitionState(controllerEpoch=4, leader=0, leaderEpoch=0, isr=[0], zkVersion=0, replicas=[0], offlineReplicas=[]) to brokers Set(0) for partition postMessage-0 (state.change.logger)
[2019-11-03 20:23:33,651] TRACE [Controller id=0 epoch=23] Sending UpdateMetadata request PartitionState(controllerEpoch=16, leader=0, leaderEpoch=0, isr=[0], zkVersion=0, replicas=[0], offlineReplicas=[]) to brokers Set(0) for partition postBuyerImage-0 (state.change.logger)
[2019-11-03 20:23:33,653] TRACE [Controller id=0 epoch=23] Changed state of replica 0 for partition deleteItemMany-0 from OnlineReplica to OnlineReplica (state.change.logger)
[2019-11-03 20:23:33,653] TRACE [Controller id=0 epoch=23] Changed state of replica 0 for partition getNewOrderOwner-0 from OnlineReplica to OnlineReplica (state.change.logger)
[2019-11-03 20:23:33,653] TRACE [Controller id=0 epoch=23] Changed state of replica 0 for partition getConfirmedOrderOwner-0 from OnlineReplica to OnlineReplica (state.change.logger)
[2019-11-03 20:23:33,654] TRACE [Controller id=0 epoch=23] Changed state of replica 0 for partition getDetailsBasicRestaurant-0 from OnlineReplica to OnlineReplica (state.change.logger)
[2019-11-03 20:23:33,654] TRACE [Controller id=0 epoch=23] Changed state of replica 0 for partition getDetailsBuyer-0 from OnlineReplica to OnlineReplica (state.change.logger)
[2019-11-03 20:23:33,654] TRACE [Controller id=0 epoch=23] Changed state of replica 0 for partition postItem-0 from OnlineReplica to OnlineReplica (state.change.logger)
[2019-11-03 20:23:33,654] TRACE [Controller id=0 epoch=23] Changed state of replica 0 for partition postMessage-0 from OnlineReplica to OnlineReplica (state.change.logger)
[2019-11-03 20:23:33,654] TRACE [Controller id=0 epoch=23] Changed state of replica 0 for partition postRestaurantLogin-0 from OnlineReplica to OnlineReplica (state.change.logger)
[2019-11-03 20:23:33,654] TRACE [Controller id=0 epoch=23] Changed state of replica 0 for partition uploadItemImage-0 from OnlineReplica to OnlineReplica (state.change.logger)
[2019-11-03 20:23:33,654] TRACE [Controller id=0 epoch=23] Changed state of replica 0 for partition postCancelOrder-0 from OnlineReplica to OnlineReplica (state.change.logger)
[2019-11-03 20:23:33,654] TRACE [Controller id=0 epoch=23] Changed state of replica 0 for partition getSentMessage-0 from OnlineReplica to OnlineReplica (state.change.logger)
[2019-11-03 20:23:33,654] TRACE [Controller id=0 epoch=23] Changed state of replica 0 for partition getCancelledOrderOwner-0 from OnlineReplica to OnlineReplica (state.change.logger)
[2019-11-03 20:23:33,654] TRACE [Controller id=0 epoch=23] Changed state of replica 0 for partition postOwnerSignup-0 from OnlineReplica to OnlineReplica (state.change.logger)
[2019-11-03 20:23:33,654] TRACE [Controller id=0 epoch=23] Changed state of replica 0 for partition postBuyerSignup-0 from OnlineReplica to OnlineReplica (state.change.logger)
[2019-11-03 20:23:33,654] TRACE [Controller id=0 epoch=23] Changed state of replica 0 for partition postUploadItemImage-0 from OnlineReplica to OnlineReplica (state.change.logger)
[2019-11-03 20:23:33,654] TRACE [Controller id=0 epoch=23] Changed state of replica 0 for partition responseTopics-0 from OnlineReplica to OnlineReplica (state.change.logger)
[2019-11-03 20:23:33,654] TRACE [Controller id=0 epoch=23] Changed state of replica 0 for partition getUpcomingOrderUser-0 from OnlineReplica to OnlineReplica (state.change.logger)
[2019-11-03 20:23:33,654] TRACE [Controller id=0 epoch=23] Changed state of replica 0 for partition getPreparingOrderOwner-0 from OnlineReplica to OnlineReplica (state.change.logger)
[2019-11-03 20:23:33,655] TRACE [Controller id=0 epoch=23] Changed state of replica 0 for partition deleteOneItem-0 from OnlineReplica to OnlineReplica (state.change.logger)
[2019-11-03 20:23:33,655] TRACE [Controller id=0 epoch=23] Changed state of replica 0 for partition getPastOrderUser-0 from OnlineReplica to OnlineReplica (state.change.logger)
[2019-11-03 20:23:33,655] TRACE [Controller id=0 epoch=23] Changed state of replica 0 for partition deleteSection-0 from OnlineReplica to OnlineReplica (state.change.logger)
[2019-11-03 20:23:33,655] TRACE [Controller id=0 epoch=23] Changed state of replica 0 for partition postRestaurantImage-0 from OnlineReplica to OnlineReplica (state.change.logger)
[2019-11-03 20:23:33,655] TRACE [Controller id=0 epoch=23] Changed state of replica 0 for partition postBuyerLogin-0 from OnlineReplica to OnlineReplica (state.change.logger)
[2019-11-03 20:23:33,655] TRACE [Controller id=0 epoch=23] Changed state of replica 0 for partition getDetailsBasicBuyer-0 from OnlineReplica to OnlineReplica (state.change.logger)
[2019-11-03 20:23:33,655] TRACE [Controller id=0 epoch=23] Changed state of replica 0 for partition getReceivedMessage-0 from OnlineReplica to OnlineReplica (state.change.logger)
[2019-11-03 20:23:33,655] TRACE [Controller id=0 epoch=23] Changed state of replica 0 for partition getRestaurantSearched-0 from OnlineReplica to OnlineReplica (state.change.logger)
[2019-11-03 20:23:33,655] TRACE [Controller id=0 epoch=23] Changed state of replica 0 for partition putSection-0 from OnlineReplica to OnlineReplica (state.change.logger)
[2019-11-03 20:23:33,655] TRACE [Controller id=0 epoch=23] Changed state of replica 0 for partition postOwnerImage-0 from OnlineReplica to OnlineReplica (state.change.logger)
[2019-11-03 20:23:33,656] TRACE [Controller id=0 epoch=23] Changed state of replica 0 for partition getPastOrderOwner-0 from OnlineReplica to OnlineReplica (state.change.logger)
[2019-11-03 20:23:33,656] TRACE [Controller id=0 epoch=23] Changed state of replica 0 for partition postChangeOrderStatus-0 from OnlineReplica to OnlineReplica (state.change.logger)
[2019-11-03 20:23:33,656] TRACE [Controller id=0 epoch=23] Changed state of replica 0 for partition putUpdateRestaurant-0 from OnlineReplica to OnlineReplica (state.change.logger)
[2019-11-03 20:23:33,656] TRACE [Controller id=0 epoch=23] Changed state of replica 0 for partition postSection-0 from OnlineReplica to OnlineReplica (state.change.logger)
[2019-11-03 20:23:33,656] TRACE [Controller id=0 epoch=23] Changed state of replica 0 for partition postPlaceOrder-0 from OnlineReplica to OnlineReplica (state.change.logger)
[2019-11-03 20:23:33,656] TRACE [Controller id=0 epoch=23] Changed state of replica 0 for partition getSection-0 from OnlineReplica to OnlineReplica (state.change.logger)
[2019-11-03 20:23:33,656] TRACE [Controller id=0 epoch=23] Changed state of replica 0 for partition putUpdateItem-0 from OnlineReplica to OnlineReplica (state.change.logger)
[2019-11-03 20:23:33,656] TRACE [Controller id=0 epoch=23] Changed state of replica 0 for partition postBuyerImage-0 from OnlineReplica to OnlineReplica (state.change.logger)
[2019-11-03 20:23:33,656] TRACE [Controller id=0 epoch=23] Changed state of replica 0 for partition responseTopic-0 from OnlineReplica to OnlineReplica (state.change.logger)
[2019-11-03 20:23:33,656] TRACE [Controller id=0 epoch=23] Changed state of replica 0 for partition getDetailsRestaurant-0 from OnlineReplica to OnlineReplica (state.change.logger)
[2019-11-03 20:23:33,656] TRACE [Controller id=0 epoch=23] Changed state of replica 0 for partition getItem-0 from OnlineReplica to OnlineReplica (state.change.logger)
[2019-11-03 20:23:33,656] TRACE [Controller id=0 epoch=23] Changed state of replica 0 for partition getReadyOrderOwner-0 from OnlineReplica to OnlineReplica (state.change.logger)
[2019-11-03 20:23:33,656] TRACE [Controller id=0 epoch=23] Changed state of replica 0 for partition putUpdateBuyer-0 from OnlineReplica to OnlineReplica (state.change.logger)
[2019-11-03 20:23:33,656] TRACE [Controller id=0 epoch=23] Sending become-leader LeaderAndIsr request PartitionState(controllerEpoch=20, leader=0, leaderEpoch=0, isr=0, zkVersion=0, replicas=0, isNew=false) to broker 0 for partition postBuyerSignup-0 (state.change.logger)
[2019-11-03 20:23:33,656] TRACE [Controller id=0 epoch=23] Sending become-leader LeaderAndIsr request PartitionState(controllerEpoch=19, leader=0, leaderEpoch=0, isr=0, zkVersion=0, replicas=0, isNew=false) to broker 0 for partition postBuyerLogin-0 (state.change.logger)
[2019-11-03 20:23:33,656] TRACE [Controller id=0 epoch=23] Sending become-leader LeaderAndIsr request PartitionState(controllerEpoch=21, leader=0, leaderEpoch=0, isr=0, zkVersion=0, replicas=0, isNew=false) to broker 0 for partition postOwnerSignup-0 (state.change.logger)
[2019-11-03 20:23:33,656] TRACE [Controller id=0 epoch=23] Sending become-leader LeaderAndIsr request PartitionState(controllerEpoch=6, leader=0, leaderEpoch=0, isr=0, zkVersion=0, replicas=0, isNew=false) to broker 0 for partition deleteOneItem-0 (state.change.logger)
[2019-11-03 20:23:33,656] TRACE [Controller id=0 epoch=23] Sending become-leader LeaderAndIsr request PartitionState(controllerEpoch=4, leader=0, leaderEpoch=0, isr=0, zkVersion=0, replicas=0, isNew=false) to broker 0 for partition getReceivedMessage-0 (state.change.logger)
[2019-11-03 20:23:33,656] TRACE [Controller id=0 epoch=23] Sending become-leader LeaderAndIsr request PartitionState(controllerEpoch=6, leader=0, leaderEpoch=0, isr=0, zkVersion=0, replicas=0, isNew=false) to broker 0 for partition getItem-0 (state.change.logger)
[2019-11-03 20:23:33,656] TRACE [Controller id=0 epoch=23] Sending become-leader LeaderAndIsr request PartitionState(controllerEpoch=1, leader=0, leaderEpoch=0, isr=0, zkVersion=0, replicas=0, isNew=false) to broker 0 for partition responseTopics-0 (state.change.logger)
[2019-11-03 20:23:33,656] TRACE [Controller id=0 epoch=23] Sending become-leader LeaderAndIsr request PartitionState(controllerEpoch=1, leader=0, leaderEpoch=0, isr=0, zkVersion=0, replicas=0, isNew=false) to broker 0 for partition getCancelledOrderOwner-0 (state.change.logger)
[2019-11-03 20:23:33,656] TRACE [Controller id=0 epoch=23] Sending become-leader LeaderAndIsr request PartitionState(controllerEpoch=16, leader=0, leaderEpoch=0, isr=0, zkVersion=0, replicas=0, isNew=false) to broker 0 for partition putUpdateBuyer-0 (state.change.logger)
[2019-11-03 20:23:33,656] TRACE [Controller id=0 epoch=23] Sending become-leader LeaderAndIsr request PartitionState(controllerEpoch=1, leader=0, leaderEpoch=0, isr=0, zkVersion=0, replicas=0, isNew=false) to broker 0 for partition postChangeOrderStatus-0 (state.change.logger)
[2019-11-03 20:23:33,656] TRACE [Controller id=0 epoch=23] Sending become-leader LeaderAndIsr request PartitionState(controllerEpoch=1, leader=0, leaderEpoch=0, isr=0, zkVersion=0, replicas=0, isNew=false) to broker 0 for partition getPreparingOrderOwner-0 (state.change.logger)
[2019-11-03 20:23:33,656] TRACE [Controller id=0 epoch=23] Sending become-leader LeaderAndIsr request PartitionState(controllerEpoch=16, leader=0, leaderEpoch=0, isr=0, zkVersion=0, replicas=0, isNew=false) to broker 0 for partition getDetailsBasicBuyer-0 (state.change.logger)
[2019-11-03 20:23:33,657] TRACE [Controller id=0 epoch=23] Sending become-leader LeaderAndIsr request PartitionState(controllerEpoch=12, leader=0, leaderEpoch=0, isr=0, zkVersion=0, replicas=0, isNew=false) to broker 0 for partition putUpdateRestaurant-0 (state.change.logger)
[2019-11-03 20:23:33,657] TRACE [Controller id=0 epoch=23] Sending become-leader LeaderAndIsr request PartitionState(controllerEpoch=1, leader=0, leaderEpoch=0, isr=0, zkVersion=0, replicas=0, isNew=false) to broker 0 for partition postPlaceOrder-0 (state.change.logger)
[2019-11-03 20:23:33,657] TRACE [Controller id=0 epoch=23] Sending become-leader LeaderAndIsr request PartitionState(controllerEpoch=1, leader=0, leaderEpoch=0, isr=0, zkVersion=0, replicas=0, isNew=false) to broker 0 for partition postCancelOrder-0 (state.change.logger)
[2019-11-03 20:23:33,657] TRACE [Controller id=0 epoch=23] Sending become-leader LeaderAndIsr request PartitionState(controllerEpoch=1, leader=0, leaderEpoch=0, isr=0, zkVersion=0, replicas=0, isNew=false) to broker 0 for partition responseTopic-0 (state.change.logger)
[2019-11-03 20:23:33,657] TRACE [Controller id=0 epoch=23] Sending become-leader LeaderAndIsr request PartitionState(controllerEpoch=6, leader=0, leaderEpoch=0, isr=0, zkVersion=0, replicas=0, isNew=false) to broker 0 for partition uploadItemImage-0 (state.change.logger)
[2019-11-03 20:23:33,657] TRACE [Controller id=0 epoch=23] Sending become-leader LeaderAndIsr request PartitionState(controllerEpoch=1, leader=0, leaderEpoch=0, isr=0, zkVersion=0, replicas=0, isNew=false) to broker 0 for partition getUpcomingOrderUser-0 (state.change.logger)
[2019-11-03 20:23:33,657] TRACE [Controller id=0 epoch=23] Sending become-leader LeaderAndIsr request PartitionState(controllerEpoch=20, leader=0, leaderEpoch=0, isr=0, zkVersion=0, replicas=0, isNew=false) to broker 0 for partition postRestaurantLogin-0 (state.change.logger)
[2019-11-03 20:23:33,657] TRACE [Controller id=0 epoch=23] Sending become-leader LeaderAndIsr request PartitionState(controllerEpoch=6, leader=0, leaderEpoch=0, isr=0, zkVersion=0, replicas=0, isNew=false) to broker 0 for partition postUploadItemImage-0 (state.change.logger)
[2019-11-03 20:23:33,657] TRACE [Controller id=0 epoch=23] Sending become-leader LeaderAndIsr request PartitionState(controllerEpoch=12, leader=0, leaderEpoch=0, isr=0, zkVersion=0, replicas=0, isNew=false) to broker 0 for partition getRestaurantSearched-0 (state.change.logger)
[2019-11-03 20:23:33,657] TRACE [Controller id=0 epoch=23] Sending become-leader LeaderAndIsr request PartitionState(controllerEpoch=6, leader=0, leaderEpoch=0, isr=0, zkVersion=0, replicas=0, isNew=false) to broker 0 for partition putUpdateItem-0 (state.change.logger)
[2019-11-03 20:23:33,657] TRACE [Controller id=0 epoch=23] Sending become-leader LeaderAndIsr request PartitionState(controllerEpoch=6, leader=0, leaderEpoch=0, isr=0, zkVersion=0, replicas=0, isNew=false) to broker 0 for partition putSection-0 (state.change.logger)
[2019-11-03 20:23:33,657] TRACE [Controller id=0 epoch=23] Sending become-leader LeaderAndIsr request PartitionState(controllerEpoch=12, leader=0, leaderEpoch=0, isr=0, zkVersion=0, replicas=0, isNew=false) to broker 0 for partition getDetailsBasicRestaurant-0 (state.change.logger)
[2019-11-03 20:23:33,657] TRACE [Controller id=0 epoch=23] Sending become-leader LeaderAndIsr request PartitionState(controllerEpoch=1, leader=0, leaderEpoch=0, isr=0, zkVersion=0, replicas=0, isNew=false) to broker 0 for partition getPastOrderUser-0 (state.change.logger)
[2019-11-03 20:23:33,657] TRACE [Controller id=0 epoch=23] Sending become-leader LeaderAndIsr request PartitionState(controllerEpoch=12, leader=0, leaderEpoch=0, isr=0, zkVersion=0, replicas=0, isNew=false) to broker 0 for partition postRestaurantImage-0 (state.change.logger)
[2019-11-03 20:23:33,657] TRACE [Controller id=0 epoch=23] Sending become-leader LeaderAndIsr request PartitionState(controllerEpoch=6, leader=0, leaderEpoch=0, isr=0, zkVersion=0, replicas=0, isNew=false) to broker 0 for partition postSection-0 (state.change.logger)
[2019-11-03 20:23:33,657] TRACE [Controller id=0 epoch=23] Sending become-leader LeaderAndIsr request PartitionState(controllerEpoch=6, leader=0, leaderEpoch=0, isr=0, zkVersion=0, replicas=0, isNew=false) to broker 0 for partition deleteSection-0 (state.change.logger)
[2019-11-03 20:23:33,657] TRACE [Controller id=0 epoch=23] Sending become-leader LeaderAndIsr request PartitionState(controllerEpoch=1, leader=0, leaderEpoch=0, isr=0, zkVersion=0, replicas=0, isNew=false) to broker 0 for partition getReadyOrderOwner-0 (state.change.logger)
[2019-11-03 20:23:33,657] TRACE [Controller id=0 epoch=23] Sending become-leader LeaderAndIsr request PartitionState(controllerEpoch=6, leader=0, leaderEpoch=0, isr=0, zkVersion=0, replicas=0, isNew=false) to broker 0 for partition getSection-0 (state.change.logger)
[2019-11-03 20:23:33,657] TRACE [Controller id=0 epoch=23] Sending become-leader LeaderAndIsr request PartitionState(controllerEpoch=16, leader=0, leaderEpoch=0, isr=0, zkVersion=0, replicas=0, isNew=false) to broker 0 for partition getDetailsBuyer-0 (state.change.logger)
[2019-11-03 20:23:33,657] TRACE [Controller id=0 epoch=23] Sending become-leader LeaderAndIsr request PartitionState(controllerEpoch=4, leader=0, leaderEpoch=0, isr=0, zkVersion=0, replicas=0, isNew=false) to broker 0 for partition getSentMessage-0 (state.change.logger)
[2019-11-03 20:23:33,657] TRACE [Controller id=0 epoch=23] Sending become-leader LeaderAndIsr request PartitionState(controllerEpoch=1, leader=0, leaderEpoch=0, isr=0, zkVersion=0, replicas=0, isNew=false) to broker 0 for partition getNewOrderOwner-0 (state.change.logger)
[2019-11-03 20:23:33,657] TRACE [Controller id=0 epoch=23] Sending become-leader LeaderAndIsr request PartitionState(controllerEpoch=1, leader=0, leaderEpoch=0, isr=0, zkVersion=0, replicas=0, isNew=false) to broker 0 for partition getConfirmedOrderOwner-0 (state.change.logger)
[2019-11-03 20:23:33,657] TRACE [Controller id=0 epoch=23] Sending become-leader LeaderAndIsr request PartitionState(controllerEpoch=6, leader=0, leaderEpoch=0, isr=0, zkVersion=0, replicas=0, isNew=false) to broker 0 for partition deleteItemMany-0 (state.change.logger)
[2019-11-03 20:23:33,657] TRACE [Controller id=0 epoch=23] Sending become-leader LeaderAndIsr request PartitionState(controllerEpoch=12, leader=0, leaderEpoch=0, isr=0, zkVersion=0, replicas=0, isNew=false) to broker 0 for partition getDetailsRestaurant-0 (state.change.logger)
[2019-11-03 20:23:33,657] TRACE [Controller id=0 epoch=23] Sending become-leader LeaderAndIsr request PartitionState(controllerEpoch=1, leader=0, leaderEpoch=0, isr=0, zkVersion=0, replicas=0, isNew=false) to broker 0 for partition getPastOrderOwner-0 (state.change.logger)
[2019-11-03 20:23:33,657] TRACE [Controller id=0 epoch=23] Sending become-leader LeaderAndIsr request PartitionState(controllerEpoch=12, leader=0, leaderEpoch=0, isr=0, zkVersion=0, replicas=0, isNew=false) to broker 0 for partition postOwnerImage-0 (state.change.logger)
[2019-11-03 20:23:33,657] TRACE [Controller id=0 epoch=23] Sending become-leader LeaderAndIsr request PartitionState(controllerEpoch=4, leader=0, leaderEpoch=0, isr=0, zkVersion=0, replicas=0, isNew=false) to broker 0 for partition postMessage-0 (state.change.logger)
[2019-11-03 20:23:33,657] TRACE [Controller id=0 epoch=23] Sending become-leader LeaderAndIsr request PartitionState(controllerEpoch=6, leader=0, leaderEpoch=0, isr=0, zkVersion=0, replicas=0, isNew=false) to broker 0 for partition postItem-0 (state.change.logger)
[2019-11-03 20:23:33,657] TRACE [Controller id=0 epoch=23] Sending become-leader LeaderAndIsr request PartitionState(controllerEpoch=16, leader=0, leaderEpoch=0, isr=0, zkVersion=0, replicas=0, isNew=false) to broker 0 for partition postBuyerImage-0 (state.change.logger)
[2019-11-03 20:23:33,657] TRACE [Controller id=0 epoch=23] Sending UpdateMetadata request PartitionState(controllerEpoch=19, leader=0, leaderEpoch=0, isr=[0], zkVersion=0, replicas=[0], offlineReplicas=[]) to brokers Set(0) for partition postBuyerLogin-0 (state.change.logger)
[2019-11-03 20:23:33,657] TRACE [Controller id=0 epoch=23] Sending UpdateMetadata request PartitionState(controllerEpoch=20, leader=0, leaderEpoch=0, isr=[0], zkVersion=0, replicas=[0], offlineReplicas=[]) to brokers Set(0) for partition postBuyerSignup-0 (state.change.logger)
[2019-11-03 20:23:33,657] TRACE [Controller id=0 epoch=23] Sending UpdateMetadata request PartitionState(controllerEpoch=21, leader=0, leaderEpoch=0, isr=[0], zkVersion=0, replicas=[0], offlineReplicas=[]) to brokers Set(0) for partition postOwnerSignup-0 (state.change.logger)
[2019-11-03 20:23:33,657] TRACE [Controller id=0 epoch=23] Sending UpdateMetadata request PartitionState(controllerEpoch=4, leader=0, leaderEpoch=0, isr=[0], zkVersion=0, replicas=[0], offlineReplicas=[]) to brokers Set(0) for partition getReceivedMessage-0 (state.change.logger)
[2019-11-03 20:23:33,657] TRACE [Controller id=0 epoch=23] Sending UpdateMetadata request PartitionState(controllerEpoch=6, leader=0, leaderEpoch=0, isr=[0], zkVersion=0, replicas=[0], offlineReplicas=[]) to brokers Set(0) for partition deleteOneItem-0 (state.change.logger)
[2019-11-03 20:23:33,657] TRACE [Controller id=0 epoch=23] Sending UpdateMetadata request PartitionState(controllerEpoch=6, leader=0, leaderEpoch=0, isr=[0], zkVersion=0, replicas=[0], offlineReplicas=[]) to brokers Set(0) for partition getItem-0 (state.change.logger)
[2019-11-03 20:23:33,657] TRACE [Controller id=0 epoch=23] Sending UpdateMetadata request PartitionState(controllerEpoch=1, leader=0, leaderEpoch=0, isr=[0], zkVersion=0, replicas=[0], offlineReplicas=[]) to brokers Set(0) for partition responseTopics-0 (state.change.logger)
[2019-11-03 20:23:33,657] TRACE [Controller id=0 epoch=23] Sending UpdateMetadata request PartitionState(controllerEpoch=1, leader=0, leaderEpoch=0, isr=[0], zkVersion=0, replicas=[0], offlineReplicas=[]) to brokers Set(0) for partition getCancelledOrderOwner-0 (state.change.logger)
[2019-11-03 20:23:33,657] TRACE [Controller id=0 epoch=23] Sending UpdateMetadata request PartitionState(controllerEpoch=16, leader=0, leaderEpoch=0, isr=[0], zkVersion=0, replicas=[0], offlineReplicas=[]) to brokers Set(0) for partition putUpdateBuyer-0 (state.change.logger)
[2019-11-03 20:23:33,657] TRACE [Controller id=0 epoch=23] Sending UpdateMetadata request PartitionState(controllerEpoch=1, leader=0, leaderEpoch=0, isr=[0], zkVersion=0, replicas=[0], offlineReplicas=[]) to brokers Set(0) for partition postChangeOrderStatus-0 (state.change.logger)
[2019-11-03 20:23:33,657] TRACE [Controller id=0 epoch=23] Sending UpdateMetadata request PartitionState(controllerEpoch=1, leader=0, leaderEpoch=0, isr=[0], zkVersion=0, replicas=[0], offlineReplicas=[]) to brokers Set(0) for partition getPreparingOrderOwner-0 (state.change.logger)
[2019-11-03 20:23:33,657] TRACE [Controller id=0 epoch=23] Sending UpdateMetadata request PartitionState(controllerEpoch=16, leader=0, leaderEpoch=0, isr=[0], zkVersion=0, replicas=[0], offlineReplicas=[]) to brokers Set(0) for partition getDetailsBasicBuyer-0 (state.change.logger)
[2019-11-03 20:23:33,657] TRACE [Controller id=0 epoch=23] Sending UpdateMetadata request PartitionState(controllerEpoch=12, leader=0, leaderEpoch=0, isr=[0], zkVersion=0, replicas=[0], offlineReplicas=[]) to brokers Set(0) for partition putUpdateRestaurant-0 (state.change.logger)
[2019-11-03 20:23:33,657] TRACE [Controller id=0 epoch=23] Sending UpdateMetadata request PartitionState(controllerEpoch=1, leader=0, leaderEpoch=0, isr=[0], zkVersion=0, replicas=[0], offlineReplicas=[]) to brokers Set(0) for partition postPlaceOrder-0 (state.change.logger)
[2019-11-03 20:23:33,657] TRACE [Controller id=0 epoch=23] Sending UpdateMetadata request PartitionState(controllerEpoch=1, leader=0, leaderEpoch=0, isr=[0], zkVersion=0, replicas=[0], offlineReplicas=[]) to brokers Set(0) for partition postCancelOrder-0 (state.change.logger)
[2019-11-03 20:23:33,657] TRACE [Controller id=0 epoch=23] Sending UpdateMetadata request PartitionState(controllerEpoch=1, leader=0, leaderEpoch=0, isr=[0], zkVersion=0, replicas=[0], offlineReplicas=[]) to brokers Set(0) for partition responseTopic-0 (state.change.logger)
[2019-11-03 20:23:33,657] TRACE [Controller id=0 epoch=23] Sending UpdateMetadata request PartitionState(controllerEpoch=1, leader=0, leaderEpoch=0, isr=[0], zkVersion=0, replicas=[0], offlineReplicas=[]) to brokers Set(0) for partition getUpcomingOrderUser-0 (state.change.logger)
[2019-11-03 20:23:33,657] TRACE [Controller id=0 epoch=23] Sending UpdateMetadata request PartitionState(controllerEpoch=6, leader=0, leaderEpoch=0, isr=[0], zkVersion=0, replicas=[0], offlineReplicas=[]) to brokers Set(0) for partition uploadItemImage-0 (state.change.logger)
[2019-11-03 20:23:33,658] TRACE [Controller id=0 epoch=23] Sending UpdateMetadata request PartitionState(controllerEpoch=20, leader=0, leaderEpoch=0, isr=[0], zkVersion=0, replicas=[0], offlineReplicas=[]) to brokers Set(0) for partition postRestaurantLogin-0 (state.change.logger)
[2019-11-03 20:23:33,658] TRACE [Controller id=0 epoch=23] Sending UpdateMetadata request PartitionState(controllerEpoch=6, leader=0, leaderEpoch=0, isr=[0], zkVersion=0, replicas=[0], offlineReplicas=[]) to brokers Set(0) for partition postUploadItemImage-0 (state.change.logger)
[2019-11-03 20:23:33,658] TRACE [Controller id=0 epoch=23] Sending UpdateMetadata request PartitionState(controllerEpoch=12, leader=0, leaderEpoch=0, isr=[0], zkVersion=0, replicas=[0], offlineReplicas=[]) to brokers Set(0) for partition getRestaurantSearched-0 (state.change.logger)
[2019-11-03 20:23:33,658] TRACE [Controller id=0 epoch=23] Sending UpdateMetadata request PartitionState(controllerEpoch=6, leader=0, leaderEpoch=0, isr=[0], zkVersion=0, replicas=[0], offlineReplicas=[]) to brokers Set(0) for partition putUpdateItem-0 (state.change.logger)
[2019-11-03 20:23:33,658] TRACE [Controller id=0 epoch=23] Sending UpdateMetadata request PartitionState(controllerEpoch=6, leader=0, leaderEpoch=0, isr=[0], zkVersion=0, replicas=[0], offlineReplicas=[]) to brokers Set(0) for partition putSection-0 (state.change.logger)
[2019-11-03 20:23:33,658] TRACE [Controller id=0 epoch=23] Sending UpdateMetadata request PartitionState(controllerEpoch=12, leader=0, leaderEpoch=0, isr=[0], zkVersion=0, replicas=[0], offlineReplicas=[]) to brokers Set(0) for partition postRestaurantImage-0 (state.change.logger)
[2019-11-03 20:23:33,658] TRACE [Controller id=0 epoch=23] Sending UpdateMetadata request PartitionState(controllerEpoch=1, leader=0, leaderEpoch=0, isr=[0], zkVersion=0, replicas=[0], offlineReplicas=[]) to brokers Set(0) for partition getPastOrderUser-0 (state.change.logger)
[2019-11-03 20:23:33,658] TRACE [Controller id=0 epoch=23] Sending UpdateMetadata request PartitionState(controllerEpoch=12, leader=0, leaderEpoch=0, isr=[0], zkVersion=0, replicas=[0], offlineReplicas=[]) to brokers Set(0) for partition getDetailsBasicRestaurant-0 (state.change.logger)
[2019-11-03 20:23:33,658] TRACE [Controller id=0 epoch=23] Sending UpdateMetadata request PartitionState(controllerEpoch=6, leader=0, leaderEpoch=0, isr=[0], zkVersion=0, replicas=[0], offlineReplicas=[]) to brokers Set(0) for partition postSection-0 (state.change.logger)
[2019-11-03 20:23:33,658] TRACE [Controller id=0 epoch=23] Sending UpdateMetadata request PartitionState(controllerEpoch=6, leader=0, leaderEpoch=0, isr=[0], zkVersion=0, replicas=[0], offlineReplicas=[]) to brokers Set(0) for partition deleteSection-0 (state.change.logger)
[2019-11-03 20:23:33,658] TRACE [Controller id=0 epoch=23] Sending UpdateMetadata request PartitionState(controllerEpoch=1, leader=0, leaderEpoch=0, isr=[0], zkVersion=0, replicas=[0], offlineReplicas=[]) to brokers Set(0) for partition getReadyOrderOwner-0 (state.change.logger)
[2019-11-03 20:23:33,658] TRACE [Controller id=0 epoch=23] Sending UpdateMetadata request PartitionState(controllerEpoch=6, leader=0, leaderEpoch=0, isr=[0], zkVersion=0, replicas=[0], offlineReplicas=[]) to brokers Set(0) for partition getSection-0 (state.change.logger)
[2019-11-03 20:23:33,658] TRACE [Controller id=0 epoch=23] Sending UpdateMetadata request PartitionState(controllerEpoch=16, leader=0, leaderEpoch=0, isr=[0], zkVersion=0, replicas=[0], offlineReplicas=[]) to brokers Set(0) for partition getDetailsBuyer-0 (state.change.logger)
[2019-11-03 20:23:33,658] TRACE [Controller id=0 epoch=23] Sending UpdateMetadata request PartitionState(controllerEpoch=4, leader=0, leaderEpoch=0, isr=[0], zkVersion=0, replicas=[0], offlineReplicas=[]) to brokers Set(0) for partition getSentMessage-0 (state.change.logger)
[2019-11-03 20:23:33,658] TRACE [Controller id=0 epoch=23] Sending UpdateMetadata request PartitionState(controllerEpoch=1, leader=0, leaderEpoch=0, isr=[0], zkVersion=0, replicas=[0], offlineReplicas=[]) to brokers Set(0) for partition getNewOrderOwner-0 (state.change.logger)
[2019-11-03 20:23:33,658] TRACE [Controller id=0 epoch=23] Sending UpdateMetadata request PartitionState(controllerEpoch=1, leader=0, leaderEpoch=0, isr=[0], zkVersion=0, replicas=[0], offlineReplicas=[]) to brokers Set(0) for partition getConfirmedOrderOwner-0 (state.change.logger)
[2019-11-03 20:23:33,658] TRACE [Controller id=0 epoch=23] Sending UpdateMetadata request PartitionState(controllerEpoch=6, leader=0, leaderEpoch=0, isr=[0], zkVersion=0, replicas=[0], offlineReplicas=[]) to brokers Set(0) for partition deleteItemMany-0 (state.change.logger)
[2019-11-03 20:23:33,658] TRACE [Controller id=0 epoch=23] Sending UpdateMetadata request PartitionState(controllerEpoch=12, leader=0, leaderEpoch=0, isr=[0], zkVersion=0, replicas=[0], offlineReplicas=[]) to brokers Set(0) for partition getDetailsRestaurant-0 (state.change.logger)
[2019-11-03 20:23:33,658] TRACE [Controller id=0 epoch=23] Sending UpdateMetadata request PartitionState(controllerEpoch=1, leader=0, leaderEpoch=0, isr=[0], zkVersion=0, replicas=[0], offlineReplicas=[]) to brokers Set(0) for partition getPastOrderOwner-0 (state.change.logger)
[2019-11-03 20:23:33,658] TRACE [Controller id=0 epoch=23] Sending UpdateMetadata request PartitionState(controllerEpoch=12, leader=0, leaderEpoch=0, isr=[0], zkVersion=0, replicas=[0], offlineReplicas=[]) to brokers Set(0) for partition postOwnerImage-0 (state.change.logger)
[2019-11-03 20:23:33,658] TRACE [Controller id=0 epoch=23] Sending UpdateMetadata request PartitionState(controllerEpoch=4, leader=0, leaderEpoch=0, isr=[0], zkVersion=0, replicas=[0], offlineReplicas=[]) to brokers Set(0) for partition postMessage-0 (state.change.logger)
[2019-11-03 20:23:33,658] TRACE [Controller id=0 epoch=23] Sending UpdateMetadata request PartitionState(controllerEpoch=6, leader=0, leaderEpoch=0, isr=[0], zkVersion=0, replicas=[0], offlineReplicas=[]) to brokers Set(0) for partition postItem-0 (state.change.logger)
[2019-11-03 20:23:33,658] TRACE [Controller id=0 epoch=23] Sending UpdateMetadata request PartitionState(controllerEpoch=16, leader=0, leaderEpoch=0, isr=[0], zkVersion=0, replicas=[0], offlineReplicas=[]) to brokers Set(0) for partition postBuyerImage-0 (state.change.logger)
[2019-11-03 20:23:36,973] TRACE [Broker id=0] Cached leader info PartitionState(controllerEpoch=6, leader=0, leaderEpoch=0, isr=[0], zkVersion=0, replicas=[0], offlineReplicas=[]) for partition deleteSection-0 in response to UpdateMetadata request sent by controller 0 epoch 23 with correlation id 0 (state.change.logger)
[2019-11-03 20:23:36,974] TRACE [Broker id=0] Cached leader info PartitionState(controllerEpoch=12, leader=0, leaderEpoch=0, isr=[0], zkVersion=0, replicas=[0], offlineReplicas=[]) for partition getDetailsRestaurant-0 in response to UpdateMetadata request sent by controller 0 epoch 23 with correlation id 0 (state.change.logger)
[2019-11-03 20:23:36,974] TRACE [Broker id=0] Cached leader info PartitionState(controllerEpoch=4, leader=0, leaderEpoch=0, isr=[0], zkVersion=0, replicas=[0], offlineReplicas=[]) for partition getSentMessage-0 in response to UpdateMetadata request sent by controller 0 epoch 23 with correlation id 0 (state.change.logger)
[2019-11-03 20:23:36,974] TRACE [Broker id=0] Cached leader info PartitionState(controllerEpoch=6, leader=0, leaderEpoch=0, isr=[0], zkVersion=0, replicas=[0], offlineReplicas=[]) for partition uploadItemImage-0 in response to UpdateMetadata request sent by controller 0 epoch 23 with correlation id 0 (state.change.logger)
[2019-11-03 20:23:36,974] TRACE [Broker id=0] Cached leader info PartitionState(controllerEpoch=12, leader=0, leaderEpoch=0, isr=[0], zkVersion=0, replicas=[0], offlineReplicas=[]) for partition getRestaurantSearched-0 in response to UpdateMetadata request sent by controller 0 epoch 23 with correlation id 0 (state.change.logger)
[2019-11-03 20:23:36,974] TRACE [Broker id=0] Cached leader info PartitionState(controllerEpoch=1, leader=0, leaderEpoch=0, isr=[0], zkVersion=0, replicas=[0], offlineReplicas=[]) for partition getUpcomingOrderUser-0 in response to UpdateMetadata request sent by controller 0 epoch 23 with correlation id 0 (state.change.logger)
[2019-11-03 20:23:36,974] TRACE [Broker id=0] Cached leader info PartitionState(controllerEpoch=1, leader=0, leaderEpoch=0, isr=[0], zkVersion=0, replicas=[0], offlineReplicas=[]) for partition getNewOrderOwner-0 in response to UpdateMetadata request sent by controller 0 epoch 23 with correlation id 0 (state.change.logger)
[2019-11-03 20:23:36,974] TRACE [Broker id=0] Cached leader info PartitionState(controllerEpoch=6, leader=0, leaderEpoch=0, isr=[0], zkVersion=0, replicas=[0], offlineReplicas=[]) for partition getItem-0 in response to UpdateMetadata request sent by controller 0 epoch 23 with correlation id 0 (state.change.logger)
[2019-11-03 20:23:36,974] TRACE [Broker id=0] Cached leader info PartitionState(controllerEpoch=6, leader=0, leaderEpoch=0, isr=[0], zkVersion=0, replicas=[0], offlineReplicas=[]) for partition getSection-0 in response to UpdateMetadata request sent by controller 0 epoch 23 with correlation id 0 (state.change.logger)
[2019-11-03 20:23:36,974] TRACE [Broker id=0] Cached leader info PartitionState(controllerEpoch=6, leader=0, leaderEpoch=0, isr=[0], zkVersion=0, replicas=[0], offlineReplicas=[]) for partition postItem-0 in response to UpdateMetadata request sent by controller 0 epoch 23 with correlation id 0 (state.change.logger)
[2019-11-03 20:23:36,974] TRACE [Broker id=0] Cached leader info PartitionState(controllerEpoch=6, leader=0, leaderEpoch=0, isr=[0], zkVersion=0, replicas=[0], offlineReplicas=[]) for partition putSection-0 in response to UpdateMetadata request sent by controller 0 epoch 23 with correlation id 0 (state.change.logger)
[2019-11-03 20:23:36,974] TRACE [Broker id=0] Cached leader info PartitionState(controllerEpoch=6, leader=0, leaderEpoch=0, isr=[0], zkVersion=0, replicas=[0], offlineReplicas=[]) for partition deleteItemMany-0 in response to UpdateMetadata request sent by controller 0 epoch 23 with correlation id 0 (state.change.logger)
[2019-11-03 20:23:36,974] TRACE [Broker id=0] Cached leader info PartitionState(controllerEpoch=16, leader=0, leaderEpoch=0, isr=[0], zkVersion=0, replicas=[0], offlineReplicas=[]) for partition putUpdateBuyer-0 in response to UpdateMetadata request sent by controller 0 epoch 23 with correlation id 0 (state.change.logger)
[2019-11-03 20:23:36,974] TRACE [Broker id=0] Cached leader info PartitionState(controllerEpoch=16, leader=0, leaderEpoch=0, isr=[0], zkVersion=0, replicas=[0], offlineReplicas=[]) for partition getDetailsBuyer-0 in response to UpdateMetadata request sent by controller 0 epoch 23 with correlation id 0 (state.change.logger)
[2019-11-03 20:23:36,974] TRACE [Broker id=0] Cached leader info PartitionState(controllerEpoch=1, leader=0, leaderEpoch=0, isr=[0], zkVersion=0, replicas=[0], offlineReplicas=[]) for partition getReadyOrderOwner-0 in response to UpdateMetadata request sent by controller 0 epoch 23 with correlation id 0 (state.change.logger)
[2019-11-03 20:23:36,974] TRACE [Broker id=0] Cached leader info PartitionState(controllerEpoch=1, leader=0, leaderEpoch=0, isr=[0], zkVersion=0, replicas=[0], offlineReplicas=[]) for partition postChangeOrderStatus-0 in response to UpdateMetadata request sent by controller 0 epoch 23 with correlation id 0 (state.change.logger)
[2019-11-03 20:23:36,974] TRACE [Broker id=0] Cached leader info PartitionState(controllerEpoch=1, leader=0, leaderEpoch=0, isr=[0], zkVersion=0, replicas=[0], offlineReplicas=[]) for partition postPlaceOrder-0 in response to UpdateMetadata request sent by controller 0 epoch 23 with correlation id 0 (state.change.logger)
[2019-11-03 20:23:36,974] TRACE [Broker id=0] Cached leader info PartitionState(controllerEpoch=1, leader=0, leaderEpoch=0, isr=[0], zkVersion=0, replicas=[0], offlineReplicas=[]) for partition getPastOrderOwner-0 in response to UpdateMetadata request sent by controller 0 epoch 23 with correlation id 0 (state.change.logger)
[2019-11-03 20:23:36,974] TRACE [Broker id=0] Cached leader info PartitionState(controllerEpoch=16, leader=0, leaderEpoch=0, isr=[0], zkVersion=0, replicas=[0], offlineReplicas=[]) for partition postBuyerImage-0 in response to UpdateMetadata request sent by controller 0 epoch 23 with correlation id 0 (state.change.logger)
[2019-11-03 20:23:36,974] TRACE [Broker id=0] Cached leader info PartitionState(controllerEpoch=4, leader=0, leaderEpoch=0, isr=[0], zkVersion=0, replicas=[0], offlineReplicas=[]) for partition postMessage-0 in response to UpdateMetadata request sent by controller 0 epoch 23 with correlation id 0 (state.change.logger)
[2019-11-03 20:23:36,974] TRACE [Broker id=0] Cached leader info PartitionState(controllerEpoch=19, leader=0, leaderEpoch=0, isr=[0], zkVersion=0, replicas=[0], offlineReplicas=[]) for partition postBuyerLogin-0 in response to UpdateMetadata request sent by controller 0 epoch 23 with correlation id 0 (state.change.logger)
[2019-11-03 20:23:36,974] TRACE [Broker id=0] Cached leader info PartitionState(controllerEpoch=1, leader=0, leaderEpoch=0, isr=[0], zkVersion=0, replicas=[0], offlineReplicas=[]) for partition getCancelledOrderOwner-0 in response to UpdateMetadata request sent by controller 0 epoch 23 with correlation id 0 (state.change.logger)
[2019-11-03 20:23:36,974] TRACE [Broker id=0] Cached leader info PartitionState(controllerEpoch=6, leader=0, leaderEpoch=0, isr=[0], zkVersion=0, replicas=[0], offlineReplicas=[]) for partition postUploadItemImage-0 in response to UpdateMetadata request sent by controller 0 epoch 23 with correlation id 0 (state.change.logger)
[2019-11-03 20:23:36,974] TRACE [Broker id=0] Cached leader info PartitionState(controllerEpoch=12, leader=0, leaderEpoch=0, isr=[0], zkVersion=0, replicas=[0], offlineReplicas=[]) for partition putUpdateRestaurant-0 in response to UpdateMetadata request sent by controller 0 epoch 23 with correlation id 0 (state.change.logger)
[2019-11-03 20:23:36,974] TRACE [Broker id=0] Cached leader info PartitionState(controllerEpoch=12, leader=0, leaderEpoch=0, isr=[0], zkVersion=0, replicas=[0], offlineReplicas=[]) for partition getDetailsBasicRestaurant-0 in response to UpdateMetadata request sent by controller 0 epoch 23 with correlation id 0 (state.change.logger)
[2019-11-03 20:23:36,974] TRACE [Broker id=0] Cached leader info PartitionState(controllerEpoch=6, leader=0, leaderEpoch=0, isr=[0], zkVersion=0, replicas=[0], offlineReplicas=[]) for partition putUpdateItem-0 in response to UpdateMetadata request sent by controller 0 epoch 23 with correlation id 0 (state.change.logger)
[2019-11-03 20:23:36,974] TRACE [Broker id=0] Cached leader info PartitionState(controllerEpoch=1, leader=0, leaderEpoch=0, isr=[0], zkVersion=0, replicas=[0], offlineReplicas=[]) for partition postCancelOrder-0 in response to UpdateMetadata request sent by controller 0 epoch 23 with correlation id 0 (state.change.logger)
[2019-11-03 20:23:36,974] TRACE [Broker id=0] Cached leader info PartitionState(controllerEpoch=4, leader=0, leaderEpoch=0, isr=[0], zkVersion=0, replicas=[0], offlineReplicas=[]) for partition getReceivedMessage-0 in response to UpdateMetadata request sent by controller 0 epoch 23 with correlation id 0 (state.change.logger)
[2019-11-03 20:23:36,974] TRACE [Broker id=0] Cached leader info PartitionState(controllerEpoch=6, leader=0, leaderEpoch=0, isr=[0], zkVersion=0, replicas=[0], offlineReplicas=[]) for partition deleteOneItem-0 in response to UpdateMetadata request sent by controller 0 epoch 23 with correlation id 0 (state.change.logger)
[2019-11-03 20:23:36,974] TRACE [Broker id=0] Cached leader info PartitionState(controllerEpoch=16, leader=0, leaderEpoch=0, isr=[0], zkVersion=0, replicas=[0], offlineReplicas=[]) for partition getDetailsBasicBuyer-0 in response to UpdateMetadata request sent by controller 0 epoch 23 with correlation id 0 (state.change.logger)
[2019-11-03 20:23:36,974] TRACE [Broker id=0] Cached leader info PartitionState(controllerEpoch=12, leader=0, leaderEpoch=0, isr=[0], zkVersion=0, replicas=[0], offlineReplicas=[]) for partition postRestaurantImage-0 in response to UpdateMetadata request sent by controller 0 epoch 23 with correlation id 0 (state.change.logger)
[2019-11-03 20:23:36,974] TRACE [Broker id=0] Cached leader info PartitionState(controllerEpoch=20, leader=0, leaderEpoch=0, isr=[0], zkVersion=0, replicas=[0], offlineReplicas=[]) for partition postRestaurantLogin-0 in response to UpdateMetadata request sent by controller 0 epoch 23 with correlation id 0 (state.change.logger)
[2019-11-03 20:23:36,974] TRACE [Broker id=0] Cached leader info PartitionState(controllerEpoch=1, leader=0, leaderEpoch=0, isr=[0], zkVersion=0, replicas=[0], offlineReplicas=[]) for partition responseTopics-0 in response to UpdateMetadata request sent by controller 0 epoch 23 with correlation id 0 (state.change.logger)
[2019-11-03 20:23:36,974] TRACE [Broker id=0] Cached leader info PartitionState(controllerEpoch=6, leader=0, leaderEpoch=0, isr=[0], zkVersion=0, replicas=[0], offlineReplicas=[]) for partition postSection-0 in response to UpdateMetadata request sent by controller 0 epoch 23 with correlation id 0 (state.change.logger)
[2019-11-03 20:23:36,974] TRACE [Broker id=0] Cached leader info PartitionState(controllerEpoch=1, leader=0, leaderEpoch=0, isr=[0], zkVersion=0, replicas=[0], offlineReplicas=[]) for partition getPastOrderUser-0 in response to UpdateMetadata request sent by controller 0 epoch 23 with correlation id 0 (state.change.logger)
[2019-11-03 20:23:36,974] TRACE [Broker id=0] Cached leader info PartitionState(controllerEpoch=21, leader=0, leaderEpoch=0, isr=[0], zkVersion=0, replicas=[0], offlineReplicas=[]) for partition postOwnerSignup-0 in response to UpdateMetadata request sent by controller 0 epoch 23 with correlation id 0 (state.change.logger)
[2019-11-03 20:23:36,975] TRACE [Broker id=0] Cached leader info PartitionState(controllerEpoch=20, leader=0, leaderEpoch=0, isr=[0], zkVersion=0, replicas=[0], offlineReplicas=[]) for partition postBuyerSignup-0 in response to UpdateMetadata request sent by controller 0 epoch 23 with correlation id 0 (state.change.logger)
[2019-11-03 20:23:36,975] TRACE [Broker id=0] Cached leader info PartitionState(controllerEpoch=1, leader=0, leaderEpoch=0, isr=[0], zkVersion=0, replicas=[0], offlineReplicas=[]) for partition getPreparingOrderOwner-0 in response to UpdateMetadata request sent by controller 0 epoch 23 with correlation id 0 (state.change.logger)
[2019-11-03 20:23:36,975] TRACE [Broker id=0] Cached leader info PartitionState(controllerEpoch=1, leader=0, leaderEpoch=0, isr=[0], zkVersion=0, replicas=[0], offlineReplicas=[]) for partition responseTopic-0 in response to UpdateMetadata request sent by controller 0 epoch 23 with correlation id 0 (state.change.logger)
[2019-11-03 20:23:36,975] TRACE [Broker id=0] Cached leader info PartitionState(controllerEpoch=1, leader=0, leaderEpoch=0, isr=[0], zkVersion=0, replicas=[0], offlineReplicas=[]) for partition getConfirmedOrderOwner-0 in response to UpdateMetadata request sent by controller 0 epoch 23 with correlation id 0 (state.change.logger)
[2019-11-03 20:23:36,975] TRACE [Broker id=0] Cached leader info PartitionState(controllerEpoch=12, leader=0, leaderEpoch=0, isr=[0], zkVersion=0, replicas=[0], offlineReplicas=[]) for partition postOwnerImage-0 in response to UpdateMetadata request sent by controller 0 epoch 23 with correlation id 0 (state.change.logger)
[2019-11-03 20:23:36,976] TRACE [Controller id=0 epoch=23] Received response {error_code=0} for request UPDATE_METADATA with correlation id 0 sent to broker 10.0.0.63:9092 (id: 0 rack: null) (state.change.logger)
[2019-11-03 20:23:36,977] TRACE [Broker id=0] Received LeaderAndIsr request PartitionState(controllerEpoch=6, leader=0, leaderEpoch=0, isr=0, zkVersion=0, replicas=0, isNew=false) correlation id 1 from controller 0 epoch 23 for partition deleteSection-0 (state.change.logger)
[2019-11-03 20:23:36,977] TRACE [Broker id=0] Received LeaderAndIsr request PartitionState(controllerEpoch=12, leader=0, leaderEpoch=0, isr=0, zkVersion=0, replicas=0, isNew=false) correlation id 1 from controller 0 epoch 23 for partition getDetailsRestaurant-0 (state.change.logger)
[2019-11-03 20:23:36,977] TRACE [Broker id=0] Received LeaderAndIsr request PartitionState(controllerEpoch=4, leader=0, leaderEpoch=0, isr=0, zkVersion=0, replicas=0, isNew=false) correlation id 1 from controller 0 epoch 23 for partition getSentMessage-0 (state.change.logger)
[2019-11-03 20:23:36,977] TRACE [Broker id=0] Received LeaderAndIsr request PartitionState(controllerEpoch=6, leader=0, leaderEpoch=0, isr=0, zkVersion=0, replicas=0, isNew=false) correlation id 1 from controller 0 epoch 23 for partition uploadItemImage-0 (state.change.logger)
[2019-11-03 20:23:36,977] TRACE [Broker id=0] Received LeaderAndIsr request PartitionState(controllerEpoch=12, leader=0, leaderEpoch=0, isr=0, zkVersion=0, replicas=0, isNew=false) correlation id 1 from controller 0 epoch 23 for partition getRestaurantSearched-0 (state.change.logger)
[2019-11-03 20:23:36,977] TRACE [Broker id=0] Received LeaderAndIsr request PartitionState(controllerEpoch=1, leader=0, leaderEpoch=0, isr=0, zkVersion=0, replicas=0, isNew=false) correlation id 1 from controller 0 epoch 23 for partition getUpcomingOrderUser-0 (state.change.logger)
[2019-11-03 20:23:36,977] TRACE [Broker id=0] Received LeaderAndIsr request PartitionState(controllerEpoch=1, leader=0, leaderEpoch=0, isr=0, zkVersion=0, replicas=0, isNew=false) correlation id 1 from controller 0 epoch 23 for partition getNewOrderOwner-0 (state.change.logger)
[2019-11-03 20:23:36,978] TRACE [Broker id=0] Received LeaderAndIsr request PartitionState(controllerEpoch=6, leader=0, leaderEpoch=0, isr=0, zkVersion=0, replicas=0, isNew=false) correlation id 1 from controller 0 epoch 23 for partition getItem-0 (state.change.logger)
[2019-11-03 20:23:36,978] TRACE [Broker id=0] Received LeaderAndIsr request PartitionState(controllerEpoch=6, leader=0, leaderEpoch=0, isr=0, zkVersion=0, replicas=0, isNew=false) correlation id 1 from controller 0 epoch 23 for partition getSection-0 (state.change.logger)
[2019-11-03 20:23:36,978] TRACE [Broker id=0] Received LeaderAndIsr request PartitionState(controllerEpoch=6, leader=0, leaderEpoch=0, isr=0, zkVersion=0, replicas=0, isNew=false) correlation id 1 from controller 0 epoch 23 for partition postItem-0 (state.change.logger)
[2019-11-03 20:23:36,978] TRACE [Broker id=0] Received LeaderAndIsr request PartitionState(controllerEpoch=6, leader=0, leaderEpoch=0, isr=0, zkVersion=0, replicas=0, isNew=false) correlation id 1 from controller 0 epoch 23 for partition putSection-0 (state.change.logger)
[2019-11-03 20:23:36,978] TRACE [Broker id=0] Received LeaderAndIsr request PartitionState(controllerEpoch=16, leader=0, leaderEpoch=0, isr=0, zkVersion=0, replicas=0, isNew=false) correlation id 1 from controller 0 epoch 23 for partition putUpdateBuyer-0 (state.change.logger)
[2019-11-03 20:23:36,978] TRACE [Broker id=0] Received LeaderAndIsr request PartitionState(controllerEpoch=6, leader=0, leaderEpoch=0, isr=0, zkVersion=0, replicas=0, isNew=false) correlation id 1 from controller 0 epoch 23 for partition deleteItemMany-0 (state.change.logger)
[2019-11-03 20:23:36,978] TRACE [Broker id=0] Received LeaderAndIsr request PartitionState(controllerEpoch=16, leader=0, leaderEpoch=0, isr=0, zkVersion=0, replicas=0, isNew=false) correlation id 1 from controller 0 epoch 23 for partition getDetailsBuyer-0 (state.change.logger)
[2019-11-03 20:23:36,978] TRACE [Broker id=0] Received LeaderAndIsr request PartitionState(controllerEpoch=1, leader=0, leaderEpoch=0, isr=0, zkVersion=0, replicas=0, isNew=false) correlation id 1 from controller 0 epoch 23 for partition postChangeOrderStatus-0 (state.change.logger)
[2019-11-03 20:23:36,978] TRACE [Broker id=0] Received LeaderAndIsr request PartitionState(controllerEpoch=1, leader=0, leaderEpoch=0, isr=0, zkVersion=0, replicas=0, isNew=false) correlation id 1 from controller 0 epoch 23 for partition getReadyOrderOwner-0 (state.change.logger)
[2019-11-03 20:23:36,978] TRACE [Broker id=0] Received LeaderAndIsr request PartitionState(controllerEpoch=1, leader=0, leaderEpoch=0, isr=0, zkVersion=0, replicas=0, isNew=false) correlation id 1 from controller 0 epoch 23 for partition postPlaceOrder-0 (state.change.logger)
[2019-11-03 20:23:36,978] TRACE [Broker id=0] Received LeaderAndIsr request PartitionState(controllerEpoch=1, leader=0, leaderEpoch=0, isr=0, zkVersion=0, replicas=0, isNew=false) correlation id 1 from controller 0 epoch 23 for partition getPastOrderOwner-0 (state.change.logger)
[2019-11-03 20:23:36,978] TRACE [Broker id=0] Received LeaderAndIsr request PartitionState(controllerEpoch=16, leader=0, leaderEpoch=0, isr=0, zkVersion=0, replicas=0, isNew=false) correlation id 1 from controller 0 epoch 23 for partition postBuyerImage-0 (state.change.logger)
[2019-11-03 20:23:36,978] TRACE [Broker id=0] Received LeaderAndIsr request PartitionState(controllerEpoch=4, leader=0, leaderEpoch=0, isr=0, zkVersion=0, replicas=0, isNew=false) correlation id 1 from controller 0 epoch 23 for partition postMessage-0 (state.change.logger)
[2019-11-03 20:23:36,978] TRACE [Broker id=0] Received LeaderAndIsr request PartitionState(controllerEpoch=19, leader=0, leaderEpoch=0, isr=0, zkVersion=0, replicas=0, isNew=false) correlation id 1 from controller 0 epoch 23 for partition postBuyerLogin-0 (state.change.logger)
[2019-11-03 20:23:36,978] TRACE [Broker id=0] Received LeaderAndIsr request PartitionState(controllerEpoch=1, leader=0, leaderEpoch=0, isr=0, zkVersion=0, replicas=0, isNew=false) correlation id 1 from controller 0 epoch 23 for partition getCancelledOrderOwner-0 (state.change.logger)
[2019-11-03 20:23:36,978] TRACE [Broker id=0] Received LeaderAndIsr request PartitionState(controllerEpoch=12, leader=0, leaderEpoch=0, isr=0, zkVersion=0, replicas=0, isNew=false) correlation id 1 from controller 0 epoch 23 for partition putUpdateRestaurant-0 (state.change.logger)
[2019-11-03 20:23:36,978] TRACE [Broker id=0] Received LeaderAndIsr request PartitionState(controllerEpoch=6, leader=0, leaderEpoch=0, isr=0, zkVersion=0, replicas=0, isNew=false) correlation id 1 from controller 0 epoch 23 for partition postUploadItemImage-0 (state.change.logger)
[2019-11-03 20:23:36,978] TRACE [Broker id=0] Received LeaderAndIsr request PartitionState(controllerEpoch=12, leader=0, leaderEpoch=0, isr=0, zkVersion=0, replicas=0, isNew=false) correlation id 1 from controller 0 epoch 23 for partition getDetailsBasicRestaurant-0 (state.change.logger)
[2019-11-03 20:23:36,978] TRACE [Broker id=0] Received LeaderAndIsr request PartitionState(controllerEpoch=6, leader=0, leaderEpoch=0, isr=0, zkVersion=0, replicas=0, isNew=false) correlation id 1 from controller 0 epoch 23 for partition putUpdateItem-0 (state.change.logger)
[2019-11-03 20:23:36,978] TRACE [Broker id=0] Received LeaderAndIsr request PartitionState(controllerEpoch=4, leader=0, leaderEpoch=0, isr=0, zkVersion=0, replicas=0, isNew=false) correlation id 1 from controller 0 epoch 23 for partition getReceivedMessage-0 (state.change.logger)
[2019-11-03 20:23:36,978] TRACE [Broker id=0] Received LeaderAndIsr request PartitionState(controllerEpoch=1, leader=0, leaderEpoch=0, isr=0, zkVersion=0, replicas=0, isNew=false) correlation id 1 from controller 0 epoch 23 for partition postCancelOrder-0 (state.change.logger)
[2019-11-03 20:23:36,978] TRACE [Broker id=0] Received LeaderAndIsr request PartitionState(controllerEpoch=6, leader=0, leaderEpoch=0, isr=0, zkVersion=0, replicas=0, isNew=false) correlation id 1 from controller 0 epoch 23 for partition deleteOneItem-0 (state.change.logger)
[2019-11-03 20:23:36,978] TRACE [Broker id=0] Received LeaderAndIsr request PartitionState(controllerEpoch=16, leader=0, leaderEpoch=0, isr=0, zkVersion=0, replicas=0, isNew=false) correlation id 1 from controller 0 epoch 23 for partition getDetailsBasicBuyer-0 (state.change.logger)
[2019-11-03 20:23:36,978] TRACE [Broker id=0] Received LeaderAndIsr request PartitionState(controllerEpoch=12, leader=0, leaderEpoch=0, isr=0, zkVersion=0, replicas=0, isNew=false) correlation id 1 from controller 0 epoch 23 for partition postRestaurantImage-0 (state.change.logger)
[2019-11-03 20:23:36,978] TRACE [Broker id=0] Received LeaderAndIsr request PartitionState(controllerEpoch=20, leader=0, leaderEpoch=0, isr=0, zkVersion=0, replicas=0, isNew=false) correlation id 1 from controller 0 epoch 23 for partition postRestaurantLogin-0 (state.change.logger)
[2019-11-03 20:23:36,978] TRACE [Broker id=0] Received LeaderAndIsr request PartitionState(controllerEpoch=1, leader=0, leaderEpoch=0, isr=0, zkVersion=0, replicas=0, isNew=false) correlation id 1 from controller 0 epoch 23 for partition responseTopics-0 (state.change.logger)
[2019-11-03 20:23:36,978] TRACE [Broker id=0] Received LeaderAndIsr request PartitionState(controllerEpoch=6, leader=0, leaderEpoch=0, isr=0, zkVersion=0, replicas=0, isNew=false) correlation id 1 from controller 0 epoch 23 for partition postSection-0 (state.change.logger)
[2019-11-03 20:23:36,978] TRACE [Broker id=0] Received LeaderAndIsr request PartitionState(controllerEpoch=1, leader=0, leaderEpoch=0, isr=0, zkVersion=0, replicas=0, isNew=false) correlation id 1 from controller 0 epoch 23 for partition getPastOrderUser-0 (state.change.logger)
[2019-11-03 20:23:36,978] TRACE [Broker id=0] Received LeaderAndIsr request PartitionState(controllerEpoch=21, leader=0, leaderEpoch=0, isr=0, zkVersion=0, replicas=0, isNew=false) correlation id 1 from controller 0 epoch 23 for partition postOwnerSignup-0 (state.change.logger)
[2019-11-03 20:23:36,978] TRACE [Broker id=0] Received LeaderAndIsr request PartitionState(controllerEpoch=20, leader=0, leaderEpoch=0, isr=0, zkVersion=0, replicas=0, isNew=false) correlation id 1 from controller 0 epoch 23 for partition postBuyerSignup-0 (state.change.logger)
[2019-11-03 20:23:36,978] TRACE [Broker id=0] Received LeaderAndIsr request PartitionState(controllerEpoch=1, leader=0, leaderEpoch=0, isr=0, zkVersion=0, replicas=0, isNew=false) correlation id 1 from controller 0 epoch 23 for partition getPreparingOrderOwner-0 (state.change.logger)
[2019-11-03 20:23:36,978] TRACE [Broker id=0] Received LeaderAndIsr request PartitionState(controllerEpoch=1, leader=0, leaderEpoch=0, isr=0, zkVersion=0, replicas=0, isNew=false) correlation id 1 from controller 0 epoch 23 for partition responseTopic-0 (state.change.logger)
[2019-11-03 20:23:36,978] TRACE [Broker id=0] Received LeaderAndIsr request PartitionState(controllerEpoch=1, leader=0, leaderEpoch=0, isr=0, zkVersion=0, replicas=0, isNew=false) correlation id 1 from controller 0 epoch 23 for partition getConfirmedOrderOwner-0 (state.change.logger)
[2019-11-03 20:23:36,978] TRACE [Broker id=0] Received LeaderAndIsr request PartitionState(controllerEpoch=12, leader=0, leaderEpoch=0, isr=0, zkVersion=0, replicas=0, isNew=false) correlation id 1 from controller 0 epoch 23 for partition postOwnerImage-0 (state.change.logger)
[2019-11-03 20:23:36,978] WARN [Broker id=0] Ignoring LeaderAndIsr request from controller 0 with correlation id 1 epoch 23 for partition deleteSection-0 since its associated leader epoch 0 is not higher than the current leader epoch 0 (state.change.logger)
[2019-11-03 20:23:36,978] WARN [Broker id=0] Ignoring LeaderAndIsr request from controller 0 with correlation id 1 epoch 23 for partition getDetailsRestaurant-0 since its associated leader epoch 0 is not higher than the current leader epoch 0 (state.change.logger)
[2019-11-03 20:23:36,978] WARN [Broker id=0] Ignoring LeaderAndIsr request from controller 0 with correlation id 1 epoch 23 for partition getSentMessage-0 since its associated leader epoch 0 is not higher than the current leader epoch 0 (state.change.logger)
[2019-11-03 20:23:36,978] WARN [Broker id=0] Ignoring LeaderAndIsr request from controller 0 with correlation id 1 epoch 23 for partition uploadItemImage-0 since its associated leader epoch 0 is not higher than the current leader epoch 0 (state.change.logger)
[2019-11-03 20:23:36,978] WARN [Broker id=0] Ignoring LeaderAndIsr request from controller 0 with correlation id 1 epoch 23 for partition getRestaurantSearched-0 since its associated leader epoch 0 is not higher than the current leader epoch 0 (state.change.logger)
[2019-11-03 20:23:36,978] WARN [Broker id=0] Ignoring LeaderAndIsr request from controller 0 with correlation id 1 epoch 23 for partition getUpcomingOrderUser-0 since its associated leader epoch 0 is not higher than the current leader epoch 0 (state.change.logger)
[2019-11-03 20:23:36,978] WARN [Broker id=0] Ignoring LeaderAndIsr request from controller 0 with correlation id 1 epoch 23 for partition getNewOrderOwner-0 since its associated leader epoch 0 is not higher than the current leader epoch 0 (state.change.logger)
[2019-11-03 20:23:36,978] WARN [Broker id=0] Ignoring LeaderAndIsr request from controller 0 with correlation id 1 epoch 23 for partition getItem-0 since its associated leader epoch 0 is not higher than the current leader epoch 0 (state.change.logger)
[2019-11-03 20:23:36,978] WARN [Broker id=0] Ignoring LeaderAndIsr request from controller 0 with correlation id 1 epoch 23 for partition getSection-0 since its associated leader epoch 0 is not higher than the current leader epoch 0 (state.change.logger)
[2019-11-03 20:23:36,979] WARN [Broker id=0] Ignoring LeaderAndIsr request from controller 0 with correlation id 1 epoch 23 for partition postItem-0 since its associated leader epoch 0 is not higher than the current leader epoch 0 (state.change.logger)
[2019-11-03 20:23:36,979] WARN [Broker id=0] Ignoring LeaderAndIsr request from controller 0 with correlation id 1 epoch 23 for partition putSection-0 since its associated leader epoch 0 is not higher than the current leader epoch 0 (state.change.logger)
[2019-11-03 20:23:36,979] WARN [Broker id=0] Ignoring LeaderAndIsr request from controller 0 with correlation id 1 epoch 23 for partition putUpdateBuyer-0 since its associated leader epoch 0 is not higher than the current leader epoch 0 (state.change.logger)
[2019-11-03 20:23:36,979] WARN [Broker id=0] Ignoring LeaderAndIsr request from controller 0 with correlation id 1 epoch 23 for partition deleteItemMany-0 since its associated leader epoch 0 is not higher than the current leader epoch 0 (state.change.logger)
[2019-11-03 20:23:36,979] WARN [Broker id=0] Ignoring LeaderAndIsr request from controller 0 with correlation id 1 epoch 23 for partition getDetailsBuyer-0 since its associated leader epoch 0 is not higher than the current leader epoch 0 (state.change.logger)
[2019-11-03 20:23:36,979] WARN [Broker id=0] Ignoring LeaderAndIsr request from controller 0 with correlation id 1 epoch 23 for partition postChangeOrderStatus-0 since its associated leader epoch 0 is not higher than the current leader epoch 0 (state.change.logger)
[2019-11-03 20:23:36,979] WARN [Broker id=0] Ignoring LeaderAndIsr request from controller 0 with correlation id 1 epoch 23 for partition getReadyOrderOwner-0 since its associated leader epoch 0 is not higher than the current leader epoch 0 (state.change.logger)
[2019-11-03 20:23:36,979] WARN [Broker id=0] Ignoring LeaderAndIsr request from controller 0 with correlation id 1 epoch 23 for partition postPlaceOrder-0 since its associated leader epoch 0 is not higher than the current leader epoch 0 (state.change.logger)
[2019-11-03 20:23:36,979] WARN [Broker id=0] Ignoring LeaderAndIsr request from controller 0 with correlation id 1 epoch 23 for partition getPastOrderOwner-0 since its associated leader epoch 0 is not higher than the current leader epoch 0 (state.change.logger)
[2019-11-03 20:23:36,979] WARN [Broker id=0] Ignoring LeaderAndIsr request from controller 0 with correlation id 1 epoch 23 for partition postBuyerImage-0 since its associated leader epoch 0 is not higher than the current leader epoch 0 (state.change.logger)
[2019-11-03 20:23:36,979] WARN [Broker id=0] Ignoring LeaderAndIsr request from controller 0 with correlation id 1 epoch 23 for partition postMessage-0 since its associated leader epoch 0 is not higher than the current leader epoch 0 (state.change.logger)
[2019-11-03 20:23:36,979] WARN [Broker id=0] Ignoring LeaderAndIsr request from controller 0 with correlation id 1 epoch 23 for partition postBuyerLogin-0 since its associated leader epoch 0 is not higher than the current leader epoch 0 (state.change.logger)
[2019-11-03 20:23:36,979] WARN [Broker id=0] Ignoring LeaderAndIsr request from controller 0 with correlation id 1 epoch 23 for partition getCancelledOrderOwner-0 since its associated leader epoch 0 is not higher than the current leader epoch 0 (state.change.logger)
[2019-11-03 20:23:36,979] WARN [Broker id=0] Ignoring LeaderAndIsr request from controller 0 with correlation id 1 epoch 23 for partition putUpdateRestaurant-0 since its associated leader epoch 0 is not higher than the current leader epoch 0 (state.change.logger)
[2019-11-03 20:23:36,979] WARN [Broker id=0] Ignoring LeaderAndIsr request from controller 0 with correlation id 1 epoch 23 for partition postUploadItemImage-0 since its associated leader epoch 0 is not higher than the current leader epoch 0 (state.change.logger)
[2019-11-03 20:23:36,979] WARN [Broker id=0] Ignoring LeaderAndIsr request from controller 0 with correlation id 1 epoch 23 for partition getDetailsBasicRestaurant-0 since its associated leader epoch 0 is not higher than the current leader epoch 0 (state.change.logger)
[2019-11-03 20:23:36,979] WARN [Broker id=0] Ignoring LeaderAndIsr request from controller 0 with correlation id 1 epoch 23 for partition putUpdateItem-0 since its associated leader epoch 0 is not higher than the current leader epoch 0 (state.change.logger)
[2019-11-03 20:23:36,979] WARN [Broker id=0] Ignoring LeaderAndIsr request from controller 0 with correlation id 1 epoch 23 for partition getReceivedMessage-0 since its associated leader epoch 0 is not higher than the current leader epoch 0 (state.change.logger)
[2019-11-03 20:23:36,979] WARN [Broker id=0] Ignoring LeaderAndIsr request from controller 0 with correlation id 1 epoch 23 for partition postCancelOrder-0 since its associated leader epoch 0 is not higher than the current leader epoch 0 (state.change.logger)
[2019-11-03 20:23:36,979] WARN [Broker id=0] Ignoring LeaderAndIsr request from controller 0 with correlation id 1 epoch 23 for partition deleteOneItem-0 since its associated leader epoch 0 is not higher than the current leader epoch 0 (state.change.logger)
[2019-11-03 20:23:36,979] WARN [Broker id=0] Ignoring LeaderAndIsr request from controller 0 with correlation id 1 epoch 23 for partition getDetailsBasicBuyer-0 since its associated leader epoch 0 is not higher than the current leader epoch 0 (state.change.logger)
[2019-11-03 20:23:36,979] WARN [Broker id=0] Ignoring LeaderAndIsr request from controller 0 with correlation id 1 epoch 23 for partition postRestaurantImage-0 since its associated leader epoch 0 is not higher than the current leader epoch 0 (state.change.logger)
[2019-11-03 20:23:36,979] WARN [Broker id=0] Ignoring LeaderAndIsr request from controller 0 with correlation id 1 epoch 23 for partition postRestaurantLogin-0 since its associated leader epoch 0 is not higher than the current leader epoch 0 (state.change.logger)
[2019-11-03 20:23:36,979] WARN [Broker id=0] Ignoring LeaderAndIsr request from controller 0 with correlation id 1 epoch 23 for partition responseTopics-0 since its associated leader epoch 0 is not higher than the current leader epoch 0 (state.change.logger)
[2019-11-03 20:23:36,979] WARN [Broker id=0] Ignoring LeaderAndIsr request from controller 0 with correlation id 1 epoch 23 for partition postSection-0 since its associated leader epoch 0 is not higher than the current leader epoch 0 (state.change.logger)
[2019-11-03 20:23:36,979] WARN [Broker id=0] Ignoring LeaderAndIsr request from controller 0 with correlation id 1 epoch 23 for partition getPastOrderUser-0 since its associated leader epoch 0 is not higher than the current leader epoch 0 (state.change.logger)
[2019-11-03 20:23:36,979] WARN [Broker id=0] Ignoring LeaderAndIsr request from controller 0 with correlation id 1 epoch 23 for partition postOwnerSignup-0 since its associated leader epoch 0 is not higher than the current leader epoch 0 (state.change.logger)
[2019-11-03 20:23:36,979] WARN [Broker id=0] Ignoring LeaderAndIsr request from controller 0 with correlation id 1 epoch 23 for partition postBuyerSignup-0 since its associated leader epoch 0 is not higher than the current leader epoch 0 (state.change.logger)
[2019-11-03 20:23:36,979] WARN [Broker id=0] Ignoring LeaderAndIsr request from controller 0 with correlation id 1 epoch 23 for partition getPreparingOrderOwner-0 since its associated leader epoch 0 is not higher than the current leader epoch 0 (state.change.logger)
[2019-11-03 20:23:36,979] WARN [Broker id=0] Ignoring LeaderAndIsr request from controller 0 with correlation id 1 epoch 23 for partition responseTopic-0 since its associated leader epoch 0 is not higher than the current leader epoch 0 (state.change.logger)
[2019-11-03 20:23:36,979] WARN [Broker id=0] Ignoring LeaderAndIsr request from controller 0 with correlation id 1 epoch 23 for partition getConfirmedOrderOwner-0 since its associated leader epoch 0 is not higher than the current leader epoch 0 (state.change.logger)
[2019-11-03 20:23:36,979] WARN [Broker id=0] Ignoring LeaderAndIsr request from controller 0 with correlation id 1 epoch 23 for partition postOwnerImage-0 since its associated leader epoch 0 is not higher than the current leader epoch 0 (state.change.logger)
[2019-11-03 20:23:36,980] TRACE [Controller id=0 epoch=23] Received response {error_code=0,partitions=[{topic=deleteSection,partition=0,error_code=11},{topic=getDetailsRestaurant,partition=0,error_code=11},{topic=getSentMessage,partition=0,error_code=11},{topic=uploadItemImage,partition=0,error_code=11},{topic=getRestaurantSearched,partition=0,error_code=11},{topic=getUpcomingOrderUser,partition=0,error_code=11},{topic=getNewOrderOwner,partition=0,error_code=11},{topic=getItem,partition=0,error_code=11},{topic=getSection,partition=0,error_code=11},{topic=postItem,partition=0,error_code=11},{topic=putSection,partition=0,error_code=11},{topic=putUpdateBuyer,partition=0,error_code=11},{topic=deleteItemMany,partition=0,error_code=11},{topic=getDetailsBuyer,partition=0,error_code=11},{topic=postChangeOrderStatus,partition=0,error_code=11},{topic=getReadyOrderOwner,partition=0,error_code=11},{topic=postPlaceOrder,partition=0,error_code=11},{topic=getPastOrderOwner,partition=0,error_code=11},{topic=postBuyerImage,partition=0,error_code=11},{topic=postMessage,partition=0,error_code=11},{topic=postBuyerLogin,partition=0,error_code=11},{topic=getCancelledOrderOwner,partition=0,error_code=11},{topic=putUpdateRestaurant,partition=0,error_code=11},{topic=postUploadItemImage,partition=0,error_code=11},{topic=getDetailsBasicRestaurant,partition=0,error_code=11},{topic=putUpdateItem,partition=0,error_code=11},{topic=getReceivedMessage,partition=0,error_code=11},{topic=postCancelOrder,partition=0,error_code=11},{topic=deleteOneItem,partition=0,error_code=11},{topic=getDetailsBasicBuyer,partition=0,error_code=11},{topic=postRestaurantImage,partition=0,error_code=11},{topic=postRestaurantLogin,partition=0,error_code=11},{topic=responseTopics,partition=0,error_code=11},{topic=postSection,partition=0,error_code=11},{topic=getPastOrderUser,partition=0,error_code=11},{topic=postOwnerSignup,partition=0,error_code=11},{topic=postBuyerSignup,partition=0,error_code=11},{topic=getPreparingOrderOwner,partition=0,error_code=11},{topic=responseTopic,partition=0,error_code=11},{topic=getConfirmedOrderOwner,partition=0,error_code=11},{topic=postOwnerImage,partition=0,error_code=11}]} for request LEADER_AND_ISR with correlation id 1 sent to broker 10.0.0.63:9092 (id: 0 rack: null) (state.change.logger)
[2019-11-03 20:23:36,981] TRACE [Broker id=0] Cached leader info PartitionState(controllerEpoch=6, leader=0, leaderEpoch=0, isr=[0], zkVersion=0, replicas=[0], offlineReplicas=[]) for partition deleteSection-0 in response to UpdateMetadata request sent by controller 0 epoch 23 with correlation id 2 (state.change.logger)
[2019-11-03 20:23:36,981] TRACE [Broker id=0] Cached leader info PartitionState(controllerEpoch=12, leader=0, leaderEpoch=0, isr=[0], zkVersion=0, replicas=[0], offlineReplicas=[]) for partition getDetailsRestaurant-0 in response to UpdateMetadata request sent by controller 0 epoch 23 with correlation id 2 (state.change.logger)
[2019-11-03 20:23:36,981] TRACE [Broker id=0] Cached leader info PartitionState(controllerEpoch=4, leader=0, leaderEpoch=0, isr=[0], zkVersion=0, replicas=[0], offlineReplicas=[]) for partition getSentMessage-0 in response to UpdateMetadata request sent by controller 0 epoch 23 with correlation id 2 (state.change.logger)
[2019-11-03 20:23:36,981] TRACE [Broker id=0] Cached leader info PartitionState(controllerEpoch=6, leader=0, leaderEpoch=0, isr=[0], zkVersion=0, replicas=[0], offlineReplicas=[]) for partition uploadItemImage-0 in response to UpdateMetadata request sent by controller 0 epoch 23 with correlation id 2 (state.change.logger)
[2019-11-03 20:23:36,981] TRACE [Broker id=0] Cached leader info PartitionState(controllerEpoch=12, leader=0, leaderEpoch=0, isr=[0], zkVersion=0, replicas=[0], offlineReplicas=[]) for partition getRestaurantSearched-0 in response to UpdateMetadata request sent by controller 0 epoch 23 with correlation id 2 (state.change.logger)
[2019-11-03 20:23:36,981] TRACE [Broker id=0] Cached leader info PartitionState(controllerEpoch=1, leader=0, leaderEpoch=0, isr=[0], zkVersion=0, replicas=[0], offlineReplicas=[]) for partition getUpcomingOrderUser-0 in response to UpdateMetadata request sent by controller 0 epoch 23 with correlation id 2 (state.change.logger)
[2019-11-03 20:23:36,981] TRACE [Broker id=0] Cached leader info PartitionState(controllerEpoch=1, leader=0, leaderEpoch=0, isr=[0], zkVersion=0, replicas=[0], offlineReplicas=[]) for partition getNewOrderOwner-0 in response to UpdateMetadata request sent by controller 0 epoch 23 with correlation id 2 (state.change.logger)
[2019-11-03 20:23:36,982] TRACE [Broker id=0] Cached leader info PartitionState(controllerEpoch=6, leader=0, leaderEpoch=0, isr=[0], zkVersion=0, replicas=[0], offlineReplicas=[]) for partition getItem-0 in response to UpdateMetadata request sent by controller 0 epoch 23 with correlation id 2 (state.change.logger)
[2019-11-03 20:23:36,982] TRACE [Broker id=0] Cached leader info PartitionState(controllerEpoch=6, leader=0, leaderEpoch=0, isr=[0], zkVersion=0, replicas=[0], offlineReplicas=[]) for partition getSection-0 in response to UpdateMetadata request sent by controller 0 epoch 23 with correlation id 2 (state.change.logger)
[2019-11-03 20:23:36,982] TRACE [Broker id=0] Cached leader info PartitionState(controllerEpoch=6, leader=0, leaderEpoch=0, isr=[0], zkVersion=0, replicas=[0], offlineReplicas=[]) for partition postItem-0 in response to UpdateMetadata request sent by controller 0 epoch 23 with correlation id 2 (state.change.logger)
[2019-11-03 20:23:36,982] TRACE [Broker id=0] Cached leader info PartitionState(controllerEpoch=6, leader=0, leaderEpoch=0, isr=[0], zkVersion=0, replicas=[0], offlineReplicas=[]) for partition putSection-0 in response to UpdateMetadata request sent by controller 0 epoch 23 with correlation id 2 (state.change.logger)
[2019-11-03 20:23:36,982] TRACE [Broker id=0] Cached leader info PartitionState(controllerEpoch=6, leader=0, leaderEpoch=0, isr=[0], zkVersion=0, replicas=[0], offlineReplicas=[]) for partition deleteItemMany-0 in response to UpdateMetadata request sent by controller 0 epoch 23 with correlation id 2 (state.change.logger)
[2019-11-03 20:23:36,982] TRACE [Broker id=0] Cached leader info PartitionState(controllerEpoch=16, leader=0, leaderEpoch=0, isr=[0], zkVersion=0, replicas=[0], offlineReplicas=[]) for partition putUpdateBuyer-0 in response to UpdateMetadata request sent by controller 0 epoch 23 with correlation id 2 (state.change.logger)
[2019-11-03 20:23:36,982] TRACE [Broker id=0] Cached leader info PartitionState(controllerEpoch=16, leader=0, leaderEpoch=0, isr=[0], zkVersion=0, replicas=[0], offlineReplicas=[]) for partition getDetailsBuyer-0 in response to UpdateMetadata request sent by controller 0 epoch 23 with correlation id 2 (state.change.logger)
[2019-11-03 20:23:36,982] TRACE [Broker id=0] Cached leader info PartitionState(controllerEpoch=1, leader=0, leaderEpoch=0, isr=[0], zkVersion=0, replicas=[0], offlineReplicas=[]) for partition getReadyOrderOwner-0 in response to UpdateMetadata request sent by controller 0 epoch 23 with correlation id 2 (state.change.logger)
[2019-11-03 20:23:36,982] TRACE [Broker id=0] Cached leader info PartitionState(controllerEpoch=1, leader=0, leaderEpoch=0, isr=[0], zkVersion=0, replicas=[0], offlineReplicas=[]) for partition postChangeOrderStatus-0 in response to UpdateMetadata request sent by controller 0 epoch 23 with correlation id 2 (state.change.logger)
[2019-11-03 20:23:36,982] TRACE [Broker id=0] Cached leader info PartitionState(controllerEpoch=1, leader=0, leaderEpoch=0, isr=[0], zkVersion=0, replicas=[0], offlineReplicas=[]) for partition postPlaceOrder-0 in response to UpdateMetadata request sent by controller 0 epoch 23 with correlation id 2 (state.change.logger)
[2019-11-03 20:23:36,982] TRACE [Broker id=0] Cached leader info PartitionState(controllerEpoch=1, leader=0, leaderEpoch=0, isr=[0], zkVersion=0, replicas=[0], offlineReplicas=[]) for partition getPastOrderOwner-0 in response to UpdateMetadata request sent by controller 0 epoch 23 with correlation id 2 (state.change.logger)
[2019-11-03 20:23:36,982] TRACE [Broker id=0] Cached leader info PartitionState(controllerEpoch=16, leader=0, leaderEpoch=0, isr=[0], zkVersion=0, replicas=[0], offlineReplicas=[]) for partition postBuyerImage-0 in response to UpdateMetadata request sent by controller 0 epoch 23 with correlation id 2 (state.change.logger)
[2019-11-03 20:23:36,982] TRACE [Broker id=0] Cached leader info PartitionState(controllerEpoch=4, leader=0, leaderEpoch=0, isr=[0], zkVersion=0, replicas=[0], offlineReplicas=[]) for partition postMessage-0 in response to UpdateMetadata request sent by controller 0 epoch 23 with correlation id 2 (state.change.logger)
[2019-11-03 20:23:36,982] TRACE [Broker id=0] Cached leader info PartitionState(controllerEpoch=19, leader=0, leaderEpoch=0, isr=[0], zkVersion=0, replicas=[0], offlineReplicas=[]) for partition postBuyerLogin-0 in response to UpdateMetadata request sent by controller 0 epoch 23 with correlation id 2 (state.change.logger)
[2019-11-03 20:23:36,982] TRACE [Broker id=0] Cached leader info PartitionState(controllerEpoch=1, leader=0, leaderEpoch=0, isr=[0], zkVersion=0, replicas=[0], offlineReplicas=[]) for partition getCancelledOrderOwner-0 in response to UpdateMetadata request sent by controller 0 epoch 23 with correlation id 2 (state.change.logger)
[2019-11-03 20:23:36,982] TRACE [Broker id=0] Cached leader info PartitionState(controllerEpoch=6, leader=0, leaderEpoch=0, isr=[0], zkVersion=0, replicas=[0], offlineReplicas=[]) for partition postUploadItemImage-0 in response to UpdateMetadata request sent by controller 0 epoch 23 with correlation id 2 (state.change.logger)
[2019-11-03 20:23:36,982] TRACE [Broker id=0] Cached leader info PartitionState(controllerEpoch=12, leader=0, leaderEpoch=0, isr=[0], zkVersion=0, replicas=[0], offlineReplicas=[]) for partition putUpdateRestaurant-0 in response to UpdateMetadata request sent by controller 0 epoch 23 with correlation id 2 (state.change.logger)
[2019-11-03 20:23:36,982] TRACE [Broker id=0] Cached leader info PartitionState(controllerEpoch=12, leader=0, leaderEpoch=0, isr=[0], zkVersion=0, replicas=[0], offlineReplicas=[]) for partition getDetailsBasicRestaurant-0 in response to UpdateMetadata request sent by controller 0 epoch 23 with correlation id 2 (state.change.logger)
[2019-11-03 20:23:36,982] TRACE [Broker id=0] Cached leader info PartitionState(controllerEpoch=6, leader=0, leaderEpoch=0, isr=[0], zkVersion=0, replicas=[0], offlineReplicas=[]) for partition putUpdateItem-0 in response to UpdateMetadata request sent by controller 0 epoch 23 with correlation id 2 (state.change.logger)
[2019-11-03 20:23:36,982] TRACE [Broker id=0] Cached leader info PartitionState(controllerEpoch=1, leader=0, leaderEpoch=0, isr=[0], zkVersion=0, replicas=[0], offlineReplicas=[]) for partition postCancelOrder-0 in response to UpdateMetadata request sent by controller 0 epoch 23 with correlation id 2 (state.change.logger)
[2019-11-03 20:23:36,982] TRACE [Broker id=0] Cached leader info PartitionState(controllerEpoch=4, leader=0, leaderEpoch=0, isr=[0], zkVersion=0, replicas=[0], offlineReplicas=[]) for partition getReceivedMessage-0 in response to UpdateMetadata request sent by controller 0 epoch 23 with correlation id 2 (state.change.logger)
[2019-11-03 20:23:36,982] TRACE [Broker id=0] Cached leader info PartitionState(controllerEpoch=6, leader=0, leaderEpoch=0, isr=[0], zkVersion=0, replicas=[0], offlineReplicas=[]) for partition deleteOneItem-0 in response to UpdateMetadata request sent by controller 0 epoch 23 with correlation id 2 (state.change.logger)
[2019-11-03 20:23:36,982] TRACE [Broker id=0] Cached leader info PartitionState(controllerEpoch=16, leader=0, leaderEpoch=0, isr=[0], zkVersion=0, replicas=[0], offlineReplicas=[]) for partition getDetailsBasicBuyer-0 in response to UpdateMetadata request sent by controller 0 epoch 23 with correlation id 2 (state.change.logger)
[2019-11-03 20:23:36,982] TRACE [Broker id=0] Cached leader info PartitionState(controllerEpoch=12, leader=0, leaderEpoch=0, isr=[0], zkVersion=0, replicas=[0], offlineReplicas=[]) for partition postRestaurantImage-0 in response to UpdateMetadata request sent by controller 0 epoch 23 with correlation id 2 (state.change.logger)
[2019-11-03 20:23:36,982] TRACE [Broker id=0] Cached leader info PartitionState(controllerEpoch=20, leader=0, leaderEpoch=0, isr=[0], zkVersion=0, replicas=[0], offlineReplicas=[]) for partition postRestaurantLogin-0 in response to UpdateMetadata request sent by controller 0 epoch 23 with correlation id 2 (state.change.logger)
[2019-11-03 20:23:36,982] TRACE [Broker id=0] Cached leader info PartitionState(controllerEpoch=1, leader=0, leaderEpoch=0, isr=[0], zkVersion=0, replicas=[0], offlineReplicas=[]) for partition responseTopics-0 in response to UpdateMetadata request sent by controller 0 epoch 23 with correlation id 2 (state.change.logger)
[2019-11-03 20:23:36,982] TRACE [Broker id=0] Cached leader info PartitionState(controllerEpoch=6, leader=0, leaderEpoch=0, isr=[0], zkVersion=0, replicas=[0], offlineReplicas=[]) for partition postSection-0 in response to UpdateMetadata request sent by controller 0 epoch 23 with correlation id 2 (state.change.logger)
[2019-11-03 20:23:36,982] TRACE [Broker id=0] Cached leader info PartitionState(controllerEpoch=1, leader=0, leaderEpoch=0, isr=[0], zkVersion=0, replicas=[0], offlineReplicas=[]) for partition getPastOrderUser-0 in response to UpdateMetadata request sent by controller 0 epoch 23 with correlation id 2 (state.change.logger)
[2019-11-03 20:23:36,982] TRACE [Broker id=0] Cached leader info PartitionState(controllerEpoch=21, leader=0, leaderEpoch=0, isr=[0], zkVersion=0, replicas=[0], offlineReplicas=[]) for partition postOwnerSignup-0 in response to UpdateMetadata request sent by controller 0 epoch 23 with correlation id 2 (state.change.logger)
[2019-11-03 20:23:36,982] TRACE [Broker id=0] Cached leader info PartitionState(controllerEpoch=20, leader=0, leaderEpoch=0, isr=[0], zkVersion=0, replicas=[0], offlineReplicas=[]) for partition postBuyerSignup-0 in response to UpdateMetadata request sent by controller 0 epoch 23 with correlation id 2 (state.change.logger)
[2019-11-03 20:23:36,982] TRACE [Broker id=0] Cached leader info PartitionState(controllerEpoch=1, leader=0, leaderEpoch=0, isr=[0], zkVersion=0, replicas=[0], offlineReplicas=[]) for partition getPreparingOrderOwner-0 in response to UpdateMetadata request sent by controller 0 epoch 23 with correlation id 2 (state.change.logger)
[2019-11-03 20:23:36,982] TRACE [Broker id=0] Cached leader info PartitionState(controllerEpoch=1, leader=0, leaderEpoch=0, isr=[0], zkVersion=0, replicas=[0], offlineReplicas=[]) for partition responseTopic-0 in response to UpdateMetadata request sent by controller 0 epoch 23 with correlation id 2 (state.change.logger)
[2019-11-03 20:23:36,982] TRACE [Broker id=0] Cached leader info PartitionState(controllerEpoch=1, leader=0, leaderEpoch=0, isr=[0], zkVersion=0, replicas=[0], offlineReplicas=[]) for partition getConfirmedOrderOwner-0 in response to UpdateMetadata request sent by controller 0 epoch 23 with correlation id 2 (state.change.logger)
[2019-11-03 20:23:36,982] TRACE [Broker id=0] Cached leader info PartitionState(controllerEpoch=12, leader=0, leaderEpoch=0, isr=[0], zkVersion=0, replicas=[0], offlineReplicas=[]) for partition postOwnerImage-0 in response to UpdateMetadata request sent by controller 0 epoch 23 with correlation id 2 (state.change.logger)
[2019-11-03 20:23:36,983] TRACE [Controller id=0 epoch=23] Received response {error_code=0} for request UPDATE_METADATA with correlation id 2 sent to broker 10.0.0.63:9092 (id: 0 rack: null) (state.change.logger)
